{"/home/app/server.ts": {"path":"/home/app/server.ts","statementMap":{"0":{"start":{"line":1,"column":0},"end":{"line":1,"column":30}},"1":{"start":{"line":2,"column":0},"end":{"line":2,"column":41}},"2":{"start":{"line":3,"column":0},"end":{"line":3,"column":28}},"3":{"start":{"line":4,"column":0},"end":{"line":4,"column":24}},"4":{"start":{"line":5,"column":0},"end":{"line":5,"column":28}},"5":{"start":{"line":6,"column":0},"end":{"line":6,"column":40}},"6":{"start":{"line":7,"column":12},"end":{"line":7,"column":21}},"7":{"start":{"line":8,"column":0},"end":{"line":8,"column":47}},"8":{"start":{"line":10,"column":0},"end":{"line":10,"column":16}},"9":{"start":{"line":12,"column":0},"end":{"line":12,"column":24}},"10":{"start":{"line":13,"column":0},"end":{"line":13,"column":23}},"11":{"start":{"line":14,"column":0},"end":{"line":14,"column":49}},"12":{"start":{"line":15,"column":0},"end":{"line":15,"column":24}},"13":{"start":{"line":16,"column":0},"end":{"line":21,"column":2}},"14":{"start":{"line":23,"column":0},"end":{"line":25,"column":3}},"15":{"start":{"line":24,"column":2},"end":{"line":24,"column":58}},"16":{"start":{"line":27,"column":0},"end":{"line":27,"column":24}},"17":{"start":{"line":29,"column":0},"end":{"line":36,"column":45}},"18":{"start":{"line":31,"column":4},"end":{"line":34,"column":6}},"19":{"start":{"line":33,"column":12},"end":{"line":33,"column":69}},"20":{"start":{"line":36,"column":25},"end":{"line":36,"column":43}},"21":{"start":{"line":38,"column":0},"end":{"line":38,"column":19}}},"fnMap":{"0":{"name":"(anonymous_1)","decl":{"start":{"line":23,"column":19},"end":{"line":23,"column":20}},"loc":{"start":{"line":23,"column":33},"end":{"line":25,"column":1}}},"1":{"name":"(anonymous_2)","decl":{"start":{"line":30,"column":8},"end":{"line":30,"column":11}},"loc":{"start":{"line":30,"column":13},"end":{"line":35,"column":3}}},"2":{"name":"(anonymous_3)","decl":{"start":{"line":33,"column":6},"end":{"line":33,"column":9}},"loc":{"start":{"line":33,"column":12},"end":{"line":33,"column":69}}},"3":{"name":"(anonymous_4)","decl":{"start":{"line":36,"column":9},"end":{"line":36,"column":10}},"loc":{"start":{"line":36,"column":25},"end":{"line":36,"column":43}}}},"branchMap":{},"s":{"0":1,"1":1,"2":1,"3":1,"4":1,"5":1,"6":1,"7":1,"8":1,"9":1,"10":1,"11":1,"12":1,"13":1,"14":1,"15":0,"16":1,"17":1,"18":0,"19":0,"20":0,"21":1},"f":{"0":0,"1":0,"2":0,"3":0},"b":{}}
,"/home/app/api/config/db.config.ts": {"path":"/home/app/api/config/db.config.ts","statementMap":{"0":{"start":{"line":1,"column":0},"end":{"line":1,"column":38}},"1":{"start":{"line":2,"column":0},"end":{"line":2,"column":28}},"2":{"start":{"line":3,"column":0},"end":{"line":3,"column":16}},"3":{"start":{"line":5,"column":11},"end":{"line":14,"column":null}},"4":{"start":{"line":17,"column":0},"end":{"line":23,"column":5}},"5":{"start":{"line":19,"column":4},"end":{"line":19,"column":65}},"6":{"start":{"line":22,"column":4},"end":{"line":22,"column":65}},"7":{"start":{"line":25,"column":0},"end":{"line":25,"column":18}}},"fnMap":{"0":{"name":"(anonymous_1)","decl":{"start":{"line":18,"column":8},"end":{"line":18,"column":11}},"loc":{"start":{"line":18,"column":13},"end":{"line":20,"column":3}}},"1":{"name":"(anonymous_2)","decl":{"start":{"line":21,"column":9},"end":{"line":21,"column":10}},"loc":{"start":{"line":21,"column":24},"end":{"line":23,"column":3}}}},"branchMap":{"0":{"loc":{"start":{"line":6,"column":2},"end":{"line":6,"column":42}},"type":"cond-expr","locations":[{"start":{"line":6,"column":30},"end":{"line":6,"column":34}},{"start":{"line":6,"column":34},"end":{"line":6,"column":42}}]},"1":{"loc":{"start":{"line":6,"column":2},"end":{"line":6,"column":34}},"type":"binary-expr","locations":[{"start":{"line":6,"column":2},"end":{"line":6,"column":34}},{"start":{"line":6,"column":30},"end":{"line":6,"column":34}}]},"2":{"loc":{"start":{"line":7,"column":2},"end":{"line":7,"column":44}},"type":"cond-expr","locations":[{"start":{"line":7,"column":30},"end":{"line":7,"column":34}},{"start":{"line":7,"column":34},"end":{"line":7,"column":44}}]},"3":{"loc":{"start":{"line":7,"column":2},"end":{"line":7,"column":34}},"type":"binary-expr","locations":[{"start":{"line":7,"column":2},"end":{"line":7,"column":34}},{"start":{"line":7,"column":30},"end":{"line":7,"column":34}}]},"4":{"loc":{"start":{"line":8,"column":2},"end":{"line":8,"column":46}},"type":"cond-expr","locations":[{"start":{"line":8,"column":34},"end":{"line":8,"column":38}},{"start":{"line":8,"column":38},"end":{"line":8,"column":46}}]},"5":{"loc":{"start":{"line":8,"column":2},"end":{"line":8,"column":38}},"type":"binary-expr","locations":[{"start":{"line":8,"column":2},"end":{"line":8,"column":38}},{"start":{"line":8,"column":34},"end":{"line":8,"column":38}}]}},"s":{"0":2,"1":2,"2":2,"3":2,"4":2,"5":2,"6":0,"7":2},"f":{"0":2,"1":0},"b":{"0":[2,0],"1":[2,2],"2":[2,0],"3":[2,2],"4":[2,0],"5":[2,2]}}
,"/home/app/api/config/mailer.config.ts": {"path":"/home/app/api/config/mailer.config.ts","statementMap":{"0":{"start":{"line":1,"column":0},"end":{"line":1,"column":36}},"1":{"start":{"line":3,"column":20},"end":{"line":11,"column":2}},"2":{"start":{"line":13,"column":9},"end":{"line":13,"column":20}}},"fnMap":{},"branchMap":{},"s":{"0":1,"1":1,"2":1},"f":{},"b":{}}
,"/home/app/api/config/tokens.ts": {"path":"/home/app/api/config/tokens.ts","statementMap":{"0":{"start":{"line":1,"column":0},"end":{"line":1,"column":31}},"1":{"start":{"line":2,"column":0},"end":{"line":2,"column":28}},"2":{"start":{"line":4,"column":0},"end":{"line":4,"column":16}},"3":{"start":{"line":6,"column":38},"end":{"line":6,"column":64}},"4":{"start":{"line":13,"column":2},"end":{"line":13,"column":58}},"5":{"start":{"line":13,"column":18},"end":{"line":13,"column":58}},"6":{"start":{"line":15,"column":2},"end":{"line":22,"column":3}},"7":{"start":{"line":16,"column":4},"end":{"line":16,"column":40}},"8":{"start":{"line":18,"column":26},"end":{"line":20,"column":6}},"9":{"start":{"line":21,"column":4},"end":{"line":21,"column":17}},"10":{"start":{"line":30,"column":9},"end":{"line":30,"column":20}},"11":{"start":{"line":25,"column":20},"end":{"line":28,"column":1}},"12":{"start":{"line":26,"column":2},"end":{"line":26,"column":58}},"13":{"start":{"line":26,"column":18},"end":{"line":26,"column":58}},"14":{"start":{"line":27,"column":2},"end":{"line":27,"column":38}},"15":{"start":{"line":30,"column":22},"end":{"line":30,"column":33}}},"fnMap":{"0":{"name":"createToken","decl":{"start":{"line":12,"column":9},"end":{"line":12,"column":20}},"loc":{"start":{"line":12,"column":56},"end":{"line":23,"column":1}}},"1":{"name":"(anonymous_2)","decl":{"start":{"line":25,"column":20},"end":{"line":25,"column":21}},"loc":{"start":{"line":25,"column":38},"end":{"line":28,"column":1}}}},"branchMap":{"0":{"loc":{"start":{"line":13,"column":2},"end":{"line":13,"column":58}},"type":"if","locations":[{"start":{"line":13,"column":2},"end":{"line":13,"column":58}}]},"1":{"loc":{"start":{"line":15,"column":2},"end":{"line":22,"column":3}},"type":"if","locations":[{"start":{"line":15,"column":2},"end":{"line":22,"column":3}},{"start":{"line":17,"column":9},"end":{"line":22,"column":3}}]},"2":{"loc":{"start":{"line":26,"column":2},"end":{"line":26,"column":58}},"type":"if","locations":[{"start":{"line":26,"column":2},"end":{"line":26,"column":58}}]}},"s":{"0":1,"1":1,"2":1,"3":1,"4":0,"5":0,"6":0,"7":0,"8":0,"9":0,"10":1,"11":1,"12":0,"13":0,"14":0,"15":1},"f":{"0":0,"1":0},"b":{"0":[0],"1":[0,0],"2":[0]}}
,"/home/app/api/controllers/packages.controllers.ts": {"path":"/home/app/api/controllers/packages.controllers.ts","statementMap":{"0":{"start":{"line":2,"column":0},"end":{"line":2,"column":65}},"1":{"start":{"line":13,"column":28},"end":{"line":52,"column":2}},"2":{"start":{"line":16,"column":4},"end":{"line":22,"column":9}},"3":{"start":{"line":18,"column":8},"end":{"line":18,"column":37}},"4":{"start":{"line":21,"column":8},"end":{"line":21,"column":55}},"5":{"start":{"line":25,"column":25},"end":{"line":25,"column":64}},"6":{"start":{"line":26,"column":4},"end":{"line":32,"column":9}},"7":{"start":{"line":28,"column":8},"end":{"line":28,"column":39}},"8":{"start":{"line":31,"column":8},"end":{"line":31,"column":55}},"9":{"start":{"line":35,"column":30},"end":{"line":35,"column":53}},"10":{"start":{"line":36,"column":4},"end":{"line":44,"column":72}},"11":{"start":{"line":38,"column":8},"end":{"line":42,"column":9}},"12":{"start":{"line":39,"column":10},"end":{"line":39,"column":46}},"13":{"start":{"line":41,"column":10},"end":{"line":41,"column":65}},"14":{"start":{"line":44,"column":24},"end":{"line":44,"column":70}},"15":{"start":{"line":47,"column":32},"end":{"line":47,"column":42}},"16":{"start":{"line":48,"column":4},"end":{"line":50,"column":72}},"17":{"start":{"line":49,"column":26},"end":{"line":49,"column":56}},"18":{"start":{"line":50,"column":24},"end":{"line":50,"column":70}},"19":{"start":{"line":54,"column":9},"end":{"line":54,"column":28}}},"fnMap":{"0":{"name":"(anonymous_0)","decl":{"start":{"line":14,"column":14},"end":{"line":14,"column":15}},"loc":{"start":{"line":14,"column":46},"end":{"line":23,"column":3}}},"1":{"name":"(anonymous_1)","decl":{"start":{"line":17,"column":12},"end":{"line":17,"column":13}},"loc":{"start":{"line":17,"column":23},"end":{"line":19,"column":7}}},"2":{"name":"(anonymous_2)","decl":{"start":{"line":20,"column":13},"end":{"line":20,"column":14}},"loc":{"start":{"line":20,"column":30},"end":{"line":22,"column":7}}},"3":{"name":"(anonymous_3)","decl":{"start":{"line":24,"column":18},"end":{"line":24,"column":19}},"loc":{"start":{"line":24,"column":50},"end":{"line":33,"column":3}}},"4":{"name":"(anonymous_4)","decl":{"start":{"line":27,"column":12},"end":{"line":27,"column":13}},"loc":{"start":{"line":27,"column":25},"end":{"line":29,"column":7}}},"5":{"name":"(anonymous_5)","decl":{"start":{"line":30,"column":13},"end":{"line":30,"column":14}},"loc":{"start":{"line":30,"column":30},"end":{"line":32,"column":7}}},"6":{"name":"(anonymous_6)","decl":{"start":{"line":34,"column":20},"end":{"line":34,"column":21}},"loc":{"start":{"line":34,"column":52},"end":{"line":45,"column":3}}},"7":{"name":"(anonymous_7)","decl":{"start":{"line":37,"column":12},"end":{"line":37,"column":13}},"loc":{"start":{"line":37,"column":30},"end":{"line":43,"column":7}}},"8":{"name":"(anonymous_8)","decl":{"start":{"line":44,"column":13},"end":{"line":44,"column":14}},"loc":{"start":{"line":44,"column":24},"end":{"line":44,"column":70}}},"9":{"name":"(anonymous_9)","decl":{"start":{"line":46,"column":30},"end":{"line":46,"column":31}},"loc":{"start":{"line":46,"column":62},"end":{"line":51,"column":3}}},"10":{"name":"(anonymous_10)","decl":{"start":{"line":49,"column":12},"end":{"line":49,"column":13}},"loc":{"start":{"line":49,"column":26},"end":{"line":49,"column":56}}},"11":{"name":"(anonymous_11)","decl":{"start":{"line":50,"column":13},"end":{"line":50,"column":14}},"loc":{"start":{"line":50,"column":24},"end":{"line":50,"column":70}}}},"branchMap":{"0":{"loc":{"start":{"line":25,"column":25},"end":{"line":25,"column":64}},"type":"binary-expr","locations":[{"start":{"line":25,"column":25},"end":{"line":25,"column":59}},{"start":{"line":25,"column":63},"end":{"line":25,"column":64}}]},"1":{"loc":{"start":{"line":38,"column":8},"end":{"line":42,"column":9}},"type":"if","locations":[{"start":{"line":38,"column":8},"end":{"line":42,"column":9}},{"start":{"line":40,"column":15},"end":{"line":42,"column":9}}]}},"s":{"0":1,"1":1,"2":0,"3":0,"4":0,"5":1,"6":1,"7":1,"8":0,"9":0,"10":0,"11":0,"12":0,"13":0,"14":0,"15":0,"16":0,"17":0,"18":0,"19":1},"f":{"0":0,"1":0,"2":0,"3":1,"4":1,"5":0,"6":0,"7":0,"8":0,"9":0,"10":0,"11":0},"b":{"0":[1,1],"1":[0,0]}}
,"/home/app/api/controllers/users.controllers.ts": {"path":"/home/app/api/controllers/users.controllers.ts","statementMap":{"0":{"start":{"line":2,"column":0},"end":{"line":2,"column":54}},"1":{"start":{"line":4,"column":0},"end":{"line":4,"column":60}},"2":{"start":{"line":5,"column":0},"end":{"line":5,"column":59}},"3":{"start":{"line":7,"column":13},"end":{"line":7,"column":41}},"4":{"start":{"line":11,"column":25},"end":{"line":11,"column":64}},"5":{"start":{"line":12,"column":4},"end":{"line":14,"column":44}},"6":{"start":{"line":13,"column":31},"end":{"line":13,"column":58}},"7":{"start":{"line":14,"column":29},"end":{"line":14,"column":42}},"8":{"start":{"line":18,"column":4},"end":{"line":32,"column":64}},"9":{"start":{"line":21,"column":27},"end":{"line":21,"column":81}},"10":{"start":{"line":22,"column":21},"end":{"line":27,"column":10}},"11":{"start":{"line":28,"column":8},"end":{"line":30,"column":11}},"12":{"start":{"line":29,"column":10},"end":{"line":29,"column":42}},"13":{"start":{"line":32,"column":29},"end":{"line":32,"column":62}},"14":{"start":{"line":36,"column":22},"end":{"line":36,"column":32}},"15":{"start":{"line":37,"column":4},"end":{"line":37,"column":43}},"16":{"start":{"line":37,"column":16},"end":{"line":37,"column":43}},"17":{"start":{"line":39,"column":4},"end":{"line":46,"column":9}},"18":{"start":{"line":41,"column":8},"end":{"line":41,"column":75}},"19":{"start":{"line":41,"column":48},"end":{"line":41,"column":75}},"20":{"start":{"line":42,"column":8},"end":{"line":42,"column":79}},"21":{"start":{"line":45,"column":8},"end":{"line":45,"column":55}},"22":{"start":{"line":50,"column":4},"end":{"line":54,"column":57}},"23":{"start":{"line":52,"column":8},"end":{"line":52,"column":71}},"24":{"start":{"line":54,"column":22},"end":{"line":54,"column":55}},"25":{"start":{"line":58,"column":4},"end":{"line":58,"column":34}},"26":{"start":{"line":59,"column":4},"end":{"line":59,"column":24}},"27":{"start":{"line":63,"column":4},"end":{"line":65,"column":49}},"28":{"start":{"line":64,"column":29},"end":{"line":64,"column":62}},"29":{"start":{"line":65,"column":22},"end":{"line":65,"column":47}},"30":{"start":{"line":69,"column":4},"end":{"line":74,"column":49}},"31":{"start":{"line":71,"column":8},"end":{"line":71,"column":77}},"32":{"start":{"line":71,"column":50},"end":{"line":71,"column":77}},"33":{"start":{"line":72,"column":8},"end":{"line":72,"column":49}},"34":{"start":{"line":74,"column":22},"end":{"line":74,"column":47}},"35":{"start":{"line":78,"column":4},"end":{"line":82,"column":8}},"36":{"start":{"line":79,"column":18},"end":{"line":79,"column":74}},"37":{"start":{"line":81,"column":8},"end":{"line":81,"column":74}},"38":{"start":{"line":86,"column":22},"end":{"line":86,"column":30}},"39":{"start":{"line":88,"column":4},"end":{"line":90,"column":57}},"40":{"start":{"line":89,"column":26},"end":{"line":89,"column":56}},"41":{"start":{"line":90,"column":22},"end":{"line":90,"column":55}},"42":{"start":{"line":94,"column":18},"end":{"line":94,"column":32}},"43":{"start":{"line":96,"column":4},"end":{"line":133,"column":9}},"44":{"start":{"line":98,"column":8},"end":{"line":101,"column":9}},"45":{"start":{"line":99,"column":10},"end":{"line":99,"column":30}},"46":{"start":{"line":100,"column":10},"end":{"line":100,"column":17}},"47":{"start":{"line":104,"column":24},"end":{"line":110,"column":10}},"48":{"start":{"line":112,"column":22},"end":{"line":112,"column":49}},"49":{"start":{"line":113,"column":8},"end":{"line":113,"column":27}},"50":{"start":{"line":115,"column":8},"end":{"line":128,"column":11}},"51":{"start":{"line":117,"column":37},"end":{"line":117,"column":87}},"52":{"start":{"line":118,"column":10},"end":{"line":127,"column":15}},"53":{"start":{"line":126,"column":14},"end":{"line":126,"column":47}},"54":{"start":{"line":131,"column":8},"end":{"line":131,"column":71}},"55":{"start":{"line":132,"column":8},"end":{"line":132,"column":54}},"56":{"start":{"line":140,"column":18},"end":{"line":140,"column":34}},"57":{"start":{"line":141,"column":4},"end":{"line":141,"column":43}},"58":{"start":{"line":141,"column":16},"end":{"line":141,"column":43}},"59":{"start":{"line":143,"column":17},"end":{"line":143,"column":35}},"60":{"start":{"line":144,"column":4},"end":{"line":144,"column":42}},"61":{"start":{"line":144,"column":15},"end":{"line":144,"column":42}},"62":{"start":{"line":146,"column":4},"end":{"line":154,"column":9}},"63":{"start":{"line":148,"column":8},"end":{"line":148,"column":46}},"64":{"start":{"line":148,"column":19},"end":{"line":148,"column":46}},"65":{"start":{"line":149,"column":8},"end":{"line":149,"column":35}},"66":{"start":{"line":152,"column":8},"end":{"line":152,"column":69}},"67":{"start":{"line":153,"column":8},"end":{"line":153,"column":61}},"68":{"start":{"line":161,"column":18},"end":{"line":161,"column":34}},"69":{"start":{"line":162,"column":4},"end":{"line":162,"column":43}},"70":{"start":{"line":162,"column":16},"end":{"line":162,"column":43}},"71":{"start":{"line":164,"column":17},"end":{"line":164,"column":35}},"72":{"start":{"line":165,"column":4},"end":{"line":165,"column":42}},"73":{"start":{"line":165,"column":15},"end":{"line":165,"column":42}},"74":{"start":{"line":167,"column":4},"end":{"line":180,"column":9}},"75":{"start":{"line":169,"column":8},"end":{"line":169,"column":46}},"76":{"start":{"line":169,"column":19},"end":{"line":169,"column":46}},"77":{"start":{"line":171,"column":8},"end":{"line":171,"column":26}},"78":{"start":{"line":172,"column":8},"end":{"line":172,"column":42}},"79":{"start":{"line":173,"column":8},"end":{"line":175,"column":11}},"80":{"start":{"line":174,"column":10},"end":{"line":174,"column":37}},"81":{"start":{"line":178,"column":8},"end":{"line":178,"column":73}},"82":{"start":{"line":179,"column":8},"end":{"line":179,"column":61}},"83":{"start":{"line":183,"column":9},"end":{"line":183,"column":25}}},"fnMap":{"0":{"name":"(anonymous_0)","decl":{"start":{"line":10,"column":2},"end":{"line":10,"column":8}},"loc":{"start":{"line":10,"column":48},"end":{"line":15,"column":3}}},"1":{"name":"(anonymous_1)","decl":{"start":{"line":13,"column":12},"end":{"line":13,"column":13}},"loc":{"start":{"line":13,"column":31},"end":{"line":13,"column":58}}},"2":{"name":"(anonymous_2)","decl":{"start":{"line":14,"column":13},"end":{"line":14,"column":14}},"loc":{"start":{"line":14,"column":29},"end":{"line":14,"column":42}}},"3":{"name":"(anonymous_3)","decl":{"start":{"line":17,"column":2},"end":{"line":17,"column":8}},"loc":{"start":{"line":17,"column":49},"end":{"line":33,"column":3}}},"4":{"name":"(anonymous_4)","decl":{"start":{"line":19,"column":12},"end":{"line":19,"column":13}},"loc":{"start":{"line":19,"column":21},"end":{"line":31,"column":7}}},"5":{"name":"(anonymous_5)","decl":{"start":{"line":28,"column":18},"end":{"line":28,"column":21}},"loc":{"start":{"line":28,"column":23},"end":{"line":30,"column":9}}},"6":{"name":"(anonymous_6)","decl":{"start":{"line":32,"column":13},"end":{"line":32,"column":14}},"loc":{"start":{"line":32,"column":29},"end":{"line":32,"column":62}}},"7":{"name":"(anonymous_7)","decl":{"start":{"line":35,"column":2},"end":{"line":35,"column":8}},"loc":{"start":{"line":35,"column":49},"end":{"line":47,"column":3}}},"8":{"name":"(anonymous_8)","decl":{"start":{"line":40,"column":12},"end":{"line":40,"column":13}},"loc":{"start":{"line":40,"column":46},"end":{"line":43,"column":7}}},"9":{"name":"(anonymous_9)","decl":{"start":{"line":44,"column":13},"end":{"line":44,"column":16}},"loc":{"start":{"line":44,"column":18},"end":{"line":46,"column":7}}},"10":{"name":"(anonymous_10)","decl":{"start":{"line":49,"column":2},"end":{"line":49,"column":8}},"loc":{"start":{"line":49,"column":46},"end":{"line":55,"column":3}}},"11":{"name":"(anonymous_11)","decl":{"start":{"line":51,"column":12},"end":{"line":51,"column":13}},"loc":{"start":{"line":52,"column":8},"end":{"line":52,"column":71}}},"12":{"name":"(anonymous_12)","decl":{"start":{"line":54,"column":13},"end":{"line":54,"column":14}},"loc":{"start":{"line":54,"column":22},"end":{"line":54,"column":55}}},"13":{"name":"(anonymous_13)","decl":{"start":{"line":57,"column":2},"end":{"line":57,"column":8}},"loc":{"start":{"line":57,"column":44},"end":{"line":60,"column":3}}},"14":{"name":"(anonymous_14)","decl":{"start":{"line":62,"column":2},"end":{"line":62,"column":8}},"loc":{"start":{"line":62,"column":52},"end":{"line":66,"column":3}}},"15":{"name":"(anonymous_15)","decl":{"start":{"line":64,"column":12},"end":{"line":64,"column":13}},"loc":{"start":{"line":64,"column":29},"end":{"line":64,"column":62}}},"16":{"name":"(anonymous_16)","decl":{"start":{"line":65,"column":13},"end":{"line":65,"column":14}},"loc":{"start":{"line":65,"column":22},"end":{"line":65,"column":47}}},"17":{"name":"(anonymous_17)","decl":{"start":{"line":68,"column":2},"end":{"line":68,"column":8}},"loc":{"start":{"line":68,"column":54},"end":{"line":75,"column":3}}},"18":{"name":"(anonymous_18)","decl":{"start":{"line":70,"column":12},"end":{"line":70,"column":13}},"loc":{"start":{"line":70,"column":28},"end":{"line":73,"column":7}}},"19":{"name":"(anonymous_19)","decl":{"start":{"line":74,"column":13},"end":{"line":74,"column":14}},"loc":{"start":{"line":74,"column":22},"end":{"line":74,"column":47}}},"20":{"name":"(anonymous_20)","decl":{"start":{"line":77,"column":2},"end":{"line":77,"column":8}},"loc":{"start":{"line":77,"column":54},"end":{"line":83,"column":3}}},"21":{"name":"(anonymous_21)","decl":{"start":{"line":79,"column":12},"end":{"line":79,"column":15}},"loc":{"start":{"line":79,"column":18},"end":{"line":79,"column":74}}},"22":{"name":"(anonymous_22)","decl":{"start":{"line":80,"column":13},"end":{"line":80,"column":16}},"loc":{"start":{"line":81,"column":8},"end":{"line":81,"column":74}}},"23":{"name":"(anonymous_23)","decl":{"start":{"line":85,"column":2},"end":{"line":85,"column":8}},"loc":{"start":{"line":85,"column":48},"end":{"line":91,"column":3}}},"24":{"name":"(anonymous_24)","decl":{"start":{"line":89,"column":12},"end":{"line":89,"column":13}},"loc":{"start":{"line":89,"column":26},"end":{"line":89,"column":56}}},"25":{"name":"(anonymous_25)","decl":{"start":{"line":90,"column":13},"end":{"line":90,"column":14}},"loc":{"start":{"line":90,"column":22},"end":{"line":90,"column":55}}},"26":{"name":"(anonymous_26)","decl":{"start":{"line":93,"column":2},"end":{"line":93,"column":8}},"loc":{"start":{"line":93,"column":46},"end":{"line":134,"column":3}}},"27":{"name":"(anonymous_27)","decl":{"start":{"line":97,"column":12},"end":{"line":97,"column":13}},"loc":{"start":{"line":97,"column":34},"end":{"line":129,"column":7}}},"28":{"name":"(anonymous_28)","decl":{"start":{"line":115,"column":25},"end":{"line":115,"column":28}},"loc":{"start":{"line":115,"column":30},"end":{"line":128,"column":9}}},"29":{"name":"(anonymous_29)","decl":{"start":{"line":125,"column":18},"end":{"line":125,"column":21}},"loc":{"start":{"line":125,"column":23},"end":{"line":127,"column":13}}},"30":{"name":"(anonymous_30)","decl":{"start":{"line":130,"column":13},"end":{"line":130,"column":14}},"loc":{"start":{"line":130,"column":23},"end":{"line":133,"column":7}}},"31":{"name":"(anonymous_31)","decl":{"start":{"line":139,"column":2},"end":{"line":139,"column":8}},"loc":{"start":{"line":139,"column":67},"end":{"line":155,"column":3}}},"32":{"name":"(anonymous_32)","decl":{"start":{"line":147,"column":12},"end":{"line":147,"column":13}},"loc":{"start":{"line":147,"column":21},"end":{"line":150,"column":7}}},"33":{"name":"(anonymous_33)","decl":{"start":{"line":151,"column":13},"end":{"line":151,"column":14}},"loc":{"start":{"line":151,"column":23},"end":{"line":154,"column":7}}},"34":{"name":"(anonymous_34)","decl":{"start":{"line":160,"column":2},"end":{"line":160,"column":8}},"loc":{"start":{"line":160,"column":54},"end":{"line":181,"column":3}}},"35":{"name":"(anonymous_35)","decl":{"start":{"line":168,"column":12},"end":{"line":168,"column":13}},"loc":{"start":{"line":168,"column":34},"end":{"line":176,"column":7}}},"36":{"name":"(anonymous_36)","decl":{"start":{"line":173,"column":32},"end":{"line":173,"column":35}},"loc":{"start":{"line":173,"column":37},"end":{"line":175,"column":9}}},"37":{"name":"(anonymous_37)","decl":{"start":{"line":177,"column":13},"end":{"line":177,"column":14}},"loc":{"start":{"line":177,"column":23},"end":{"line":180,"column":7}}}},"branchMap":{"0":{"loc":{"start":{"line":11,"column":25},"end":{"line":11,"column":64}},"type":"binary-expr","locations":[{"start":{"line":11,"column":25},"end":{"line":11,"column":59}},{"start":{"line":11,"column":63},"end":{"line":11,"column":64}}]},"1":{"loc":{"start":{"line":37,"column":4},"end":{"line":37,"column":43}},"type":"if","locations":[{"start":{"line":37,"column":4},"end":{"line":37,"column":43}}]},"2":{"loc":{"start":{"line":41,"column":8},"end":{"line":41,"column":75}},"type":"if","locations":[{"start":{"line":41,"column":8},"end":{"line":41,"column":75}}]},"3":{"loc":{"start":{"line":41,"column":12},"end":{"line":41,"column":46}},"type":"binary-expr","locations":[{"start":{"line":41,"column":12},"end":{"line":41,"column":30}},{"start":{"line":41,"column":34},"end":{"line":41,"column":46}}]},"4":{"loc":{"start":{"line":71,"column":8},"end":{"line":71,"column":77}},"type":"if","locations":[{"start":{"line":71,"column":8},"end":{"line":71,"column":77}}]},"5":{"loc":{"start":{"line":71,"column":12},"end":{"line":71,"column":48}},"type":"binary-expr","locations":[{"start":{"line":71,"column":12},"end":{"line":71,"column":24}},{"start":{"line":71,"column":28},"end":{"line":71,"column":48}}]},"6":{"loc":{"start":{"line":98,"column":8},"end":{"line":101,"column":9}},"type":"if","locations":[{"start":{"line":98,"column":8},"end":{"line":101,"column":9}}]},"7":{"loc":{"start":{"line":141,"column":4},"end":{"line":141,"column":43}},"type":"if","locations":[{"start":{"line":141,"column":4},"end":{"line":141,"column":43}}]},"8":{"loc":{"start":{"line":144,"column":4},"end":{"line":144,"column":42}},"type":"if","locations":[{"start":{"line":144,"column":4},"end":{"line":144,"column":42}}]},"9":{"loc":{"start":{"line":148,"column":8},"end":{"line":148,"column":46}},"type":"if","locations":[{"start":{"line":148,"column":8},"end":{"line":148,"column":46}}]},"10":{"loc":{"start":{"line":162,"column":4},"end":{"line":162,"column":43}},"type":"if","locations":[{"start":{"line":162,"column":4},"end":{"line":162,"column":43}}]},"11":{"loc":{"start":{"line":165,"column":4},"end":{"line":165,"column":42}},"type":"if","locations":[{"start":{"line":165,"column":4},"end":{"line":165,"column":42}}]},"12":{"loc":{"start":{"line":169,"column":8},"end":{"line":169,"column":46}},"type":"if","locations":[{"start":{"line":169,"column":8},"end":{"line":169,"column":46}}]}},"s":{"0":1,"1":1,"2":1,"3":1,"4":0,"5":0,"6":0,"7":0,"8":0,"9":0,"10":0,"11":0,"12":0,"13":0,"14":0,"15":0,"16":0,"17":0,"18":0,"19":0,"20":0,"21":0,"22":0,"23":0,"24":0,"25":0,"26":0,"27":0,"28":0,"29":0,"30":0,"31":0,"32":0,"33":0,"34":0,"35":0,"36":0,"37":0,"38":0,"39":0,"40":0,"41":0,"42":0,"43":0,"44":0,"45":0,"46":0,"47":0,"48":0,"49":0,"50":0,"51":0,"52":0,"53":0,"54":0,"55":0,"56":0,"57":0,"58":0,"59":0,"60":0,"61":0,"62":0,"63":0,"64":0,"65":0,"66":0,"67":0,"68":0,"69":0,"70":0,"71":0,"72":0,"73":0,"74":0,"75":0,"76":0,"77":0,"78":0,"79":0,"80":0,"81":0,"82":0,"83":1},"f":{"0":0,"1":0,"2":0,"3":0,"4":0,"5":0,"6":0,"7":0,"8":0,"9":0,"10":0,"11":0,"12":0,"13":0,"14":0,"15":0,"16":0,"17":0,"18":0,"19":0,"20":0,"21":0,"22":0,"23":0,"24":0,"25":0,"26":0,"27":0,"28":0,"29":0,"30":0,"31":0,"32":0,"33":0,"34":0,"35":0,"36":0,"37":0},"b":{"0":[0,0],"1":[0],"2":[0],"3":[0,0],"4":[0],"5":[0,0],"6":[0],"7":[0],"8":[0],"9":[0],"10":[0],"11":[0],"12":[0]}}
,"/home/app/api/models/Package.models.ts": {"path":"/home/app/api/models/Package.models.ts","statementMap":{"0":{"start":{"line":1,"column":0},"end":{"line":1,"column":26}},"1":{"start":{"line":2,"column":0},"end":{"line":2,"column":37}},"2":{"start":{"line":3,"column":0},"end":{"line":3,"column":33}},"3":{"start":{"line":14,"column":0},"end":{"line":46,"column":2}},"4":{"start":{"line":48,"column":0},"end":{"line":48,"column":23}}},"fnMap":{},"branchMap":{},"s":{"0":1,"1":1,"2":1,"3":1,"4":1},"f":{},"b":{}}
,"/home/app/api/models/User.models.ts": {"path":"/home/app/api/models/User.models.ts","statementMap":{"0":{"start":{"line":1,"column":0},"end":{"line":1,"column":26}},"1":{"start":{"line":2,"column":0},"end":{"line":2,"column":37}},"2":{"start":{"line":3,"column":0},"end":{"line":3,"column":30}},"3":{"start":{"line":17,"column":4},"end":{"line":17,"column":39}},"4":{"start":{"line":21,"column":4},"end":{"line":24,"column":5}},"5":{"start":{"line":22,"column":19},"end":{"line":22,"column":55}},"6":{"start":{"line":23,"column":6},"end":{"line":23,"column":36}},"7":{"start":{"line":25,"column":4},"end":{"line":25,"column":11}},"8":{"start":{"line":29,"column":0},"end":{"line":71,"column":2}},"9":{"start":{"line":73,"column":0},"end":{"line":82,"column":3}},"10":{"start":{"line":73,"column":31},"end":{"line":82,"column":2}},"11":{"start":{"line":74,"column":2},"end":{"line":81,"column":3}},"12":{"start":{"line":75,"column":17},"end":{"line":75,"column":41}},"13":{"start":{"line":76,"column":4},"end":{"line":76,"column":21}},"14":{"start":{"line":77,"column":17},"end":{"line":77,"column":53}},"15":{"start":{"line":78,"column":4},"end":{"line":78,"column":25}},"16":{"start":{"line":80,"column":4},"end":{"line":80,"column":37}},"17":{"start":{"line":84,"column":0},"end":{"line":84,"column":20}}},"fnMap":{"0":{"name":"(anonymous_8)","decl":{"start":{"line":16,"column":2},"end":{"line":16,"column":6}},"loc":{"start":{"line":16,"column":37},"end":{"line":18,"column":3}}},"1":{"name":"(anonymous_9)","decl":{"start":{"line":20,"column":8},"end":{"line":20,"column":24}},"loc":{"start":{"line":20,"column":41},"end":{"line":26,"column":null}}},"2":{"name":"(anonymous_11)","decl":{"start":{"line":73,"column":16},"end":{"line":73,"column":23}},"loc":{"start":{"line":73,"column":31},"end":{"line":82,"column":2}}},"3":{"name":"(anonymous_12)","decl":{"start":{"line":73,"column":31},"end":{"line":73,"column":null}},"loc":{"start":{"line":73,"column":31},"end":{"line":82,"column":1}}}},"branchMap":{"0":{"loc":{"start":{"line":21,"column":4},"end":{"line":24,"column":5}},"type":"if","locations":[{"start":{"line":21,"column":4},"end":{"line":24,"column":5}}]},"1":{"loc":{"start":{"line":21,"column":8},"end":{"line":21,"column":34}},"type":"binary-expr","locations":[{"start":{"line":21,"column":8},"end":{"line":21,"column":17}},{"start":{"line":21,"column":21},"end":{"line":21,"column":34}}]}},"s":{"0":1,"1":1,"2":1,"3":0,"4":0,"5":0,"6":0,"7":0,"8":1,"9":1,"10":0,"11":0,"12":0,"13":0,"14":0,"15":0,"16":0,"17":1},"f":{"0":0,"1":0,"2":0,"3":0},"b":{"0":[0],"1":[0,0]}}
,"/home/app/api/routes/index.routes.ts": {"path":"/home/app/api/routes/index.routes.ts","statementMap":{"0":{"start":{"line":1,"column":0},"end":{"line":1,"column":53}},"1":{"start":{"line":2,"column":15},"end":{"line":2,"column":31}},"2":{"start":{"line":3,"column":0},"end":{"line":3,"column":47}},"3":{"start":{"line":4,"column":0},"end":{"line":4,"column":28}},"4":{"start":{"line":5,"column":0},"end":{"line":5,"column":16}},"5":{"start":{"line":7,"column":0},"end":{"line":7,"column":35}},"6":{"start":{"line":8,"column":0},"end":{"line":8,"column":41}},"7":{"start":{"line":10,"column":0},"end":{"line":10,"column":28}},"8":{"start":{"line":11,"column":0},"end":{"line":11,"column":34}},"9":{"start":{"line":13,"column":0},"end":{"line":15,"column":2}},"10":{"start":{"line":14,"column":2},"end":{"line":14,"column":64}},"11":{"start":{"line":17,"column":0},"end":{"line":17,"column":22}}},"fnMap":{"0":{"name":"(anonymous_1)","decl":{"start":{"line":13,"column":36},"end":{"line":13,"column":37}},"loc":{"start":{"line":14,"column":2},"end":{"line":14,"column":64}}}},"branchMap":{},"s":{"0":1,"1":1,"2":1,"3":1,"4":1,"5":1,"6":1,"7":1,"8":1,"9":1,"10":0,"11":1},"f":{"0":0},"b":{}}
,"/home/app/api/routes/packages.routes.ts": {"path":"/home/app/api/routes/packages.routes.ts","statementMap":{"0":{"start":{"line":1,"column":0},"end":{"line":1,"column":30}},"1":{"start":{"line":2,"column":0},"end":{"line":2,"column":74}},"2":{"start":{"line":4,"column":15},"end":{"line":4,"column":31}},"3":{"start":{"line":6,"column":0},"end":{"line":6,"column":60}},"4":{"start":{"line":8,"column":0},"end":{"line":8,"column":52}},"5":{"start":{"line":10,"column":0},"end":{"line":10,"column":64}},"6":{"start":{"line":12,"column":0},"end":{"line":12,"column":80}},"7":{"start":{"line":14,"column":0},"end":{"line":14,"column":22}}},"fnMap":{},"branchMap":{},"s":{"0":1,"1":1,"2":1,"3":1,"4":1,"5":1,"6":1,"7":1},"f":{},"b":{}}
,"/home/app/api/routes/users.routes.ts": {"path":"/home/app/api/routes/users.routes.ts","statementMap":{"0":{"start":{"line":1,"column":0},"end":{"line":1,"column":33}},"1":{"start":{"line":2,"column":15},"end":{"line":2,"column":23}},"2":{"start":{"line":3,"column":0},"end":{"line":3,"column":68}},"3":{"start":{"line":5,"column":0},"end":{"line":5,"column":49}},"4":{"start":{"line":7,"column":0},"end":{"line":7,"column":56}},"5":{"start":{"line":9,"column":0},"end":{"line":9,"column":67}},"6":{"start":{"line":11,"column":0},"end":{"line":11,"column":50}},"7":{"start":{"line":13,"column":0},"end":{"line":13,"column":60}},"8":{"start":{"line":15,"column":0},"end":{"line":15,"column":67}},"9":{"start":{"line":18,"column":0},"end":{"line":18,"column":73}},"10":{"start":{"line":20,"column":0},"end":{"line":20,"column":61}},"11":{"start":{"line":22,"column":0},"end":{"line":22,"column":48}},"12":{"start":{"line":24,"column":0},"end":{"line":24,"column":60}},"13":{"start":{"line":26,"column":0},"end":{"line":29,"column":2}},"14":{"start":{"line":31,"column":0},"end":{"line":31,"column":78}},"15":{"start":{"line":33,"column":0},"end":{"line":33,"column":22}}},"fnMap":{},"branchMap":{},"s":{"0":1,"1":1,"2":1,"3":1,"4":1,"5":1,"6":1,"7":1,"8":1,"9":1,"10":1,"11":1,"12":1,"13":1,"14":1,"15":1},"f":{},"b":{}}
,"/home/app/api/services/packages.services.ts": {"path":"/home/app/api/services/packages.services.ts","statementMap":{"0":{"start":{"line":1,"column":0},"end":{"line":1,"column":47}},"1":{"start":{"line":15,"column":4},"end":{"line":23,"column":7}},"2":{"start":{"line":16,"column":6},"end":{"line":22,"column":11}},"3":{"start":{"line":18,"column":10},"end":{"line":18,"column":31}},"4":{"start":{"line":21,"column":10},"end":{"line":21,"column":24}},"5":{"start":{"line":27,"column":19},"end":{"line":27,"column":40}},"6":{"start":{"line":28,"column":4},"end":{"line":28,"column":56}},"7":{"start":{"line":32,"column":4},"end":{"line":36,"column":7}},"8":{"start":{"line":33,"column":6},"end":{"line":35,"column":41}},"9":{"start":{"line":34,"column":53},"end":{"line":34,"column":75}},"10":{"start":{"line":35,"column":26},"end":{"line":35,"column":39}},"11":{"start":{"line":43,"column":4},"end":{"line":47,"column":7}},"12":{"start":{"line":44,"column":6},"end":{"line":46,"column":41}},"13":{"start":{"line":45,"column":43},"end":{"line":45,"column":60}},"14":{"start":{"line":46,"column":26},"end":{"line":46,"column":39}},"15":{"start":{"line":51,"column":9},"end":{"line":51,"column":25}}},"fnMap":{"0":{"name":"(anonymous_1)","decl":{"start":{"line":14,"column":2},"end":{"line":14,"column":8}},"loc":{"start":{"line":14,"column":37},"end":{"line":24,"column":3}}},"1":{"name":"(anonymous_2)","decl":{"start":{"line":15,"column":23},"end":{"line":15,"column":24}},"loc":{"start":{"line":15,"column":43},"end":{"line":23,"column":5}}},"2":{"name":"(anonymous_3)","decl":{"start":{"line":17,"column":14},"end":{"line":17,"column":15}},"loc":{"start":{"line":17,"column":30},"end":{"line":19,"column":9}}},"3":{"name":"(anonymous_4)","decl":{"start":{"line":20,"column":15},"end":{"line":20,"column":16}},"loc":{"start":{"line":20,"column":32},"end":{"line":22,"column":9}}},"4":{"name":"(anonymous_5)","decl":{"start":{"line":26,"column":2},"end":{"line":26,"column":8}},"loc":{"start":{"line":26,"column":63},"end":{"line":29,"column":3}}},"5":{"name":"(anonymous_6)","decl":{"start":{"line":31,"column":2},"end":{"line":31,"column":8}},"loc":{"start":{"line":31,"column":43},"end":{"line":37,"column":3}}},"6":{"name":"(anonymous_7)","decl":{"start":{"line":32,"column":23},"end":{"line":32,"column":24}},"loc":{"start":{"line":32,"column":43},"end":{"line":36,"column":5}}},"7":{"name":"(anonymous_8)","decl":{"start":{"line":34,"column":14},"end":{"line":34,"column":15}},"loc":{"start":{"line":34,"column":53},"end":{"line":34,"column":75}}},"8":{"name":"(anonymous_9)","decl":{"start":{"line":35,"column":15},"end":{"line":35,"column":16}},"loc":{"start":{"line":35,"column":26},"end":{"line":35,"column":39}}},"9":{"name":"(anonymous_10)","decl":{"start":{"line":39,"column":2},"end":{"line":39,"column":8}},"loc":{"start":{"line":41,"column":18},"end":{"line":48,"column":3}}},"10":{"name":"(anonymous_11)","decl":{"start":{"line":43,"column":23},"end":{"line":43,"column":24}},"loc":{"start":{"line":43,"column":43},"end":{"line":47,"column":5}}},"11":{"name":"(anonymous_12)","decl":{"start":{"line":45,"column":14},"end":{"line":45,"column":15}},"loc":{"start":{"line":45,"column":43},"end":{"line":45,"column":60}}},"12":{"name":"(anonymous_13)","decl":{"start":{"line":46,"column":15},"end":{"line":46,"column":16}},"loc":{"start":{"line":46,"column":26},"end":{"line":46,"column":39}}}},"branchMap":{"0":{"loc":{"start":{"line":26,"column":24},"end":{"line":26,"column":40}},"type":"default-arg","locations":[{"start":{"line":26,"column":39},"end":{"line":26,"column":40}}]},"1":{"loc":{"start":{"line":26,"column":42},"end":{"line":26,"column":63}},"type":"default-arg","locations":[{"start":{"line":26,"column":61},"end":{"line":26,"column":63}}]}},"s":{"0":1,"1":0,"2":0,"3":0,"4":0,"5":1,"6":1,"7":0,"8":0,"9":0,"10":0,"11":0,"12":0,"13":0,"14":0,"15":1},"f":{"0":0,"1":0,"2":0,"3":0,"4":1,"5":0,"6":0,"7":0,"8":0,"9":0,"10":0,"11":0,"12":0},"b":{"0":[0],"1":[1]}}
,"/home/app/api/services/users.services.ts": {"path":"/home/app/api/services/users.services.ts","statementMap":{"0":{"start":{"line":1,"column":0},"end":{"line":1,"column":41}},"1":{"start":{"line":2,"column":0},"end":{"line":2,"column":47}},"2":{"start":{"line":15,"column":19},"end":{"line":15,"column":40}},"3":{"start":{"line":16,"column":4},"end":{"line":16,"column":53}},"4":{"start":{"line":20,"column":49},"end":{"line":20,"column":57}},"5":{"start":{"line":21,"column":23},"end":{"line":21,"column":31}},"6":{"start":{"line":22,"column":4},"end":{"line":22,"column":36}},"7":{"start":{"line":22,"column":19},"end":{"line":22,"column":36}},"8":{"start":{"line":24,"column":4},"end":{"line":26,"column":5}},"9":{"start":{"line":25,"column":6},"end":{"line":25,"column":52}},"10":{"start":{"line":28,"column":4},"end":{"line":54,"column":9}},"11":{"start":{"line":30,"column":8},"end":{"line":32,"column":9}},"12":{"start":{"line":31,"column":10},"end":{"line":31,"column":72}},"13":{"start":{"line":34,"column":24},"end":{"line":39,"column":10}},"14":{"start":{"line":41,"column":22},"end":{"line":41,"column":49}},"15":{"start":{"line":43,"column":8},"end":{"line":50,"column":11}},"16":{"start":{"line":53,"column":8},"end":{"line":53,"column":29}},"17":{"start":{"line":58,"column":32},"end":{"line":58,"column":40}},"18":{"start":{"line":60,"column":4},"end":{"line":60,"column":79}},"19":{"start":{"line":60,"column":29},"end":{"line":60,"column":79}},"20":{"start":{"line":62,"column":4},"end":{"line":93,"column":9}},"21":{"start":{"line":64,"column":8},"end":{"line":64,"column":76}},"22":{"start":{"line":64,"column":19},"end":{"line":64,"column":76}},"23":{"start":{"line":65,"column":8},"end":{"line":89,"column":13}},"24":{"start":{"line":68,"column":12},"end":{"line":68,"column":70}},"25":{"start":{"line":68,"column":23},"end":{"line":68,"column":70}},"26":{"start":{"line":69,"column":12},"end":{"line":72,"column":16}},"27":{"start":{"line":70,"column":14},"end":{"line":72,"column":16}},"28":{"start":{"line":73,"column":28},"end":{"line":79,"column":14}},"29":{"start":{"line":80,"column":26},"end":{"line":80,"column":46}},"30":{"start":{"line":82,"column":12},"end":{"line":85,"column":14}},"31":{"start":{"line":88,"column":12},"end":{"line":88,"column":22}},"32":{"start":{"line":92,"column":8},"end":{"line":92,"column":29}},"33":{"start":{"line":97,"column":4},"end":{"line":103,"column":6}},"34":{"start":{"line":107,"column":4},"end":{"line":107,"column":55}},"35":{"start":{"line":111,"column":4},"end":{"line":111,"column":47}},"36":{"start":{"line":115,"column":4},"end":{"line":126,"column":9}},"37":{"start":{"line":117,"column":8},"end":{"line":119,"column":9}},"38":{"start":{"line":118,"column":10},"end":{"line":118,"column":32}},"39":{"start":{"line":120,"column":8},"end":{"line":122,"column":10}},"40":{"start":{"line":125,"column":8},"end":{"line":125,"column":29}},"41":{"start":{"line":130,"column":4},"end":{"line":143,"column":7}},"42":{"start":{"line":131,"column":6},"end":{"line":138,"column":7}},"43":{"start":{"line":132,"column":8},"end":{"line":137,"column":13}},"44":{"start":{"line":134,"column":22},"end":{"line":134,"column":52}},"45":{"start":{"line":136,"column":12},"end":{"line":136,"column":69}},"46":{"start":{"line":140,"column":6},"end":{"line":142,"column":8}},"47":{"start":{"line":147,"column":4},"end":{"line":147,"column":46}},"48":{"start":{"line":151,"column":4},"end":{"line":151,"column":46}},"49":{"start":{"line":155,"column":9},"end":{"line":155,"column":22}}},"fnMap":{"0":{"name":"(anonymous_1)","decl":{"start":{"line":14,"column":2},"end":{"line":14,"column":8}},"loc":{"start":{"line":14,"column":55},"end":{"line":17,"column":3}}},"1":{"name":"(anonymous_2)","decl":{"start":{"line":19,"column":2},"end":{"line":19,"column":8}},"loc":{"start":{"line":19,"column":40},"end":{"line":55,"column":3}}},"2":{"name":"(anonymous_3)","decl":{"start":{"line":29,"column":12},"end":{"line":29,"column":13}},"loc":{"start":{"line":29,"column":21},"end":{"line":51,"column":7}}},"3":{"name":"(anonymous_4)","decl":{"start":{"line":52,"column":13},"end":{"line":52,"column":14}},"loc":{"start":{"line":52,"column":21},"end":{"line":54,"column":7}}},"4":{"name":"(anonymous_5)","decl":{"start":{"line":57,"column":2},"end":{"line":57,"column":8}},"loc":{"start":{"line":57,"column":37},"end":{"line":94,"column":3}}},"5":{"name":"(anonymous_6)","decl":{"start":{"line":63,"column":12},"end":{"line":63,"column":13}},"loc":{"start":{"line":63,"column":21},"end":{"line":90,"column":7}}},"6":{"name":"(anonymous_7)","decl":{"start":{"line":67,"column":16},"end":{"line":67,"column":17}},"loc":{"start":{"line":67,"column":25},"end":{"line":86,"column":11}}},"7":{"name":"(anonymous_8)","decl":{"start":{"line":87,"column":17},"end":{"line":87,"column":18}},"loc":{"start":{"line":87,"column":25},"end":{"line":89,"column":11}}},"8":{"name":"(anonymous_9)","decl":{"start":{"line":91,"column":13},"end":{"line":91,"column":14}},"loc":{"start":{"line":91,"column":21},"end":{"line":93,"column":7}}},"9":{"name":"(anonymous_10)","decl":{"start":{"line":96,"column":2},"end":{"line":96,"column":8}},"loc":{"start":{"line":96,"column":35},"end":{"line":104,"column":3}}},"10":{"name":"(anonymous_11)","decl":{"start":{"line":106,"column":2},"end":{"line":106,"column":8}},"loc":{"start":{"line":106,"column":23},"end":{"line":108,"column":3}}},"11":{"name":"(anonymous_12)","decl":{"start":{"line":110,"column":2},"end":{"line":110,"column":8}},"loc":{"start":{"line":110,"column":37},"end":{"line":112,"column":3}}},"12":{"name":"(anonymous_13)","decl":{"start":{"line":114,"column":2},"end":{"line":114,"column":8}},"loc":{"start":{"line":114,"column":40},"end":{"line":127,"column":3}}},"13":{"name":"(anonymous_14)","decl":{"start":{"line":116,"column":12},"end":{"line":116,"column":13}},"loc":{"start":{"line":116,"column":21},"end":{"line":123,"column":7}}},"14":{"name":"(anonymous_15)","decl":{"start":{"line":124,"column":13},"end":{"line":124,"column":14}},"loc":{"start":{"line":124,"column":21},"end":{"line":126,"column":7}}},"15":{"name":"(anonymous_16)","decl":{"start":{"line":129,"column":2},"end":{"line":129,"column":8}},"loc":{"start":{"line":129,"column":34},"end":{"line":144,"column":3}}},"16":{"name":"(anonymous_17)","decl":{"start":{"line":130,"column":66},"end":{"line":130,"column":67}},"loc":{"start":{"line":130,"column":75},"end":{"line":143,"column":5}}},"17":{"name":"(anonymous_18)","decl":{"start":{"line":134,"column":16},"end":{"line":134,"column":19}},"loc":{"start":{"line":134,"column":22},"end":{"line":134,"column":52}}},"18":{"name":"(anonymous_19)","decl":{"start":{"line":135,"column":17},"end":{"line":135,"column":20}},"loc":{"start":{"line":135,"column":22},"end":{"line":137,"column":11}}},"19":{"name":"(anonymous_20)","decl":{"start":{"line":146,"column":2},"end":{"line":146,"column":8}},"loc":{"start":{"line":146,"column":41},"end":{"line":148,"column":3}}},"20":{"name":"(anonymous_21)","decl":{"start":{"line":150,"column":2},"end":{"line":150,"column":8}},"loc":{"start":{"line":150,"column":41},"end":{"line":152,"column":3}}}},"branchMap":{"0":{"loc":{"start":{"line":14,"column":16},"end":{"line":14,"column":32}},"type":"default-arg","locations":[{"start":{"line":14,"column":31},"end":{"line":14,"column":32}}]},"1":{"loc":{"start":{"line":14,"column":34},"end":{"line":14,"column":55}},"type":"default-arg","locations":[{"start":{"line":14,"column":53},"end":{"line":14,"column":55}}]},"2":{"loc":{"start":{"line":22,"column":4},"end":{"line":22,"column":36}},"type":"if","locations":[{"start":{"line":22,"column":4},"end":{"line":22,"column":36}}]},"3":{"loc":{"start":{"line":24,"column":4},"end":{"line":26,"column":5}},"type":"if","locations":[{"start":{"line":24,"column":4},"end":{"line":26,"column":5}}]},"4":{"loc":{"start":{"line":24,"column":8},"end":{"line":24,"column":50}},"type":"binary-expr","locations":[{"start":{"line":24,"column":8},"end":{"line":24,"column":14}},{"start":{"line":24,"column":18},"end":{"line":24,"column":23}},{"start":{"line":24,"column":27},"end":{"line":24,"column":37}},{"start":{"line":24,"column":41},"end":{"line":24,"column":50}}]},"5":{"loc":{"start":{"line":30,"column":8},"end":{"line":32,"column":9}},"type":"if","locations":[{"start":{"line":30,"column":8},"end":{"line":32,"column":9}}]},"6":{"loc":{"start":{"line":60,"column":4},"end":{"line":60,"column":79}},"type":"if","locations":[{"start":{"line":60,"column":4},"end":{"line":60,"column":79}}]},"7":{"loc":{"start":{"line":60,"column":8},"end":{"line":60,"column":27}},"type":"binary-expr","locations":[{"start":{"line":60,"column":8},"end":{"line":60,"column":14}},{"start":{"line":60,"column":18},"end":{"line":60,"column":27}}]},"8":{"loc":{"start":{"line":64,"column":8},"end":{"line":64,"column":76}},"type":"if","locations":[{"start":{"line":64,"column":8},"end":{"line":64,"column":76}}]},"9":{"loc":{"start":{"line":68,"column":12},"end":{"line":68,"column":70}},"type":"if","locations":[{"start":{"line":68,"column":12},"end":{"line":68,"column":70}}]},"10":{"loc":{"start":{"line":69,"column":12},"end":{"line":72,"column":16}},"type":"if","locations":[{"start":{"line":69,"column":12},"end":{"line":72,"column":16}}]},"11":{"loc":{"start":{"line":117,"column":8},"end":{"line":119,"column":9}},"type":"if","locations":[{"start":{"line":117,"column":8},"end":{"line":119,"column":9}}]},"12":{"loc":{"start":{"line":131,"column":6},"end":{"line":138,"column":7}},"type":"if","locations":[{"start":{"line":131,"column":6},"end":{"line":138,"column":7}}]}},"s":{"0":1,"1":1,"2":0,"3":0,"4":0,"5":0,"6":0,"7":0,"8":0,"9":0,"10":0,"11":0,"12":0,"13":0,"14":0,"15":0,"16":0,"17":0,"18":0,"19":0,"20":0,"21":0,"22":0,"23":0,"24":0,"25":0,"26":0,"27":0,"28":0,"29":0,"30":0,"31":0,"32":0,"33":0,"34":0,"35":0,"36":0,"37":0,"38":0,"39":0,"40":0,"41":0,"42":0,"43":0,"44":0,"45":0,"46":0,"47":0,"48":0,"49":1},"f":{"0":0,"1":0,"2":0,"3":0,"4":0,"5":0,"6":0,"7":0,"8":0,"9":0,"10":0,"11":0,"12":0,"13":0,"14":0,"15":0,"16":0,"17":0,"18":0,"19":0,"20":0},"b":{"0":[0],"1":[0],"2":[0],"3":[0],"4":[0,0,0,0],"5":[0],"6":[0],"7":[0,0],"8":[0],"9":[0],"10":[0],"11":[0],"12":[0]}}
}
