{"/home/app/server.ts": {"path":"/home/app/server.ts","statementMap":{"0":{"start":{"line":1,"column":0},"end":{"line":1,"column":30}},"1":{"start":{"line":2,"column":0},"end":{"line":2,"column":41}},"2":{"start":{"line":3,"column":0},"end":{"line":3,"column":28}},"3":{"start":{"line":4,"column":0},"end":{"line":4,"column":24}},"4":{"start":{"line":5,"column":0},"end":{"line":5,"column":28}},"5":{"start":{"line":6,"column":0},"end":{"line":6,"column":40}},"6":{"start":{"line":7,"column":12},"end":{"line":7,"column":21}},"7":{"start":{"line":8,"column":0},"end":{"line":8,"column":47}},"8":{"start":{"line":10,"column":0},"end":{"line":10,"column":16}},"9":{"start":{"line":12,"column":0},"end":{"line":12,"column":24}},"10":{"start":{"line":13,"column":0},"end":{"line":13,"column":23}},"11":{"start":{"line":14,"column":0},"end":{"line":14,"column":49}},"12":{"start":{"line":15,"column":0},"end":{"line":15,"column":24}},"13":{"start":{"line":16,"column":0},"end":{"line":21,"column":2}},"14":{"start":{"line":23,"column":0},"end":{"line":25,"column":3}},"15":{"start":{"line":24,"column":2},"end":{"line":24,"column":58}},"16":{"start":{"line":27,"column":0},"end":{"line":27,"column":24}},"17":{"start":{"line":29,"column":0},"end":{"line":36,"column":45}},"18":{"start":{"line":31,"column":4},"end":{"line":34,"column":6}},"19":{"start":{"line":33,"column":12},"end":{"line":33,"column":69}},"20":{"start":{"line":36,"column":25},"end":{"line":36,"column":43}},"21":{"start":{"line":38,"column":0},"end":{"line":38,"column":19}}},"fnMap":{"0":{"name":"(anonymous_1)","decl":{"start":{"line":23,"column":19},"end":{"line":23,"column":20}},"loc":{"start":{"line":23,"column":33},"end":{"line":25,"column":1}}},"1":{"name":"(anonymous_2)","decl":{"start":{"line":30,"column":8},"end":{"line":30,"column":11}},"loc":{"start":{"line":30,"column":13},"end":{"line":35,"column":3}}},"2":{"name":"(anonymous_3)","decl":{"start":{"line":33,"column":6},"end":{"line":33,"column":9}},"loc":{"start":{"line":33,"column":12},"end":{"line":33,"column":69}}},"3":{"name":"(anonymous_4)","decl":{"start":{"line":36,"column":9},"end":{"line":36,"column":10}},"loc":{"start":{"line":36,"column":25},"end":{"line":36,"column":43}}}},"branchMap":{},"s":{"0":1,"1":1,"2":1,"3":1,"4":1,"5":1,"6":1,"7":1,"8":1,"9":1,"10":1,"11":1,"12":1,"13":1,"14":1,"15":1,"16":1,"17":1,"18":0,"19":0,"20":1,"21":1},"f":{"0":1,"1":0,"2":0,"3":1},"b":{}}
,"/home/app/api/controllers/packages.controllers.ts": {"path":"/home/app/api/controllers/packages.controllers.ts","statementMap":{"0":{"start":{"line":2,"column":0},"end":{"line":2,"column":65}},"1":{"start":{"line":13,"column":28},"end":{"line":51,"column":2}},"2":{"start":{"line":16,"column":4},"end":{"line":22,"column":9}},"3":{"start":{"line":18,"column":8},"end":{"line":18,"column":37}},"4":{"start":{"line":21,"column":8},"end":{"line":21,"column":55}},"5":{"start":{"line":25,"column":4},"end":{"line":31,"column":9}},"6":{"start":{"line":27,"column":8},"end":{"line":27,"column":39}},"7":{"start":{"line":30,"column":8},"end":{"line":30,"column":55}},"8":{"start":{"line":34,"column":30},"end":{"line":34,"column":53}},"9":{"start":{"line":35,"column":4},"end":{"line":43,"column":72}},"10":{"start":{"line":37,"column":8},"end":{"line":41,"column":9}},"11":{"start":{"line":38,"column":10},"end":{"line":38,"column":46}},"12":{"start":{"line":40,"column":10},"end":{"line":40,"column":65}},"13":{"start":{"line":43,"column":24},"end":{"line":43,"column":70}},"14":{"start":{"line":46,"column":32},"end":{"line":46,"column":42}},"15":{"start":{"line":47,"column":4},"end":{"line":49,"column":72}},"16":{"start":{"line":48,"column":26},"end":{"line":48,"column":56}},"17":{"start":{"line":49,"column":24},"end":{"line":49,"column":70}},"18":{"start":{"line":53,"column":9},"end":{"line":53,"column":28}}},"fnMap":{"0":{"name":"(anonymous_0)","decl":{"start":{"line":14,"column":14},"end":{"line":14,"column":15}},"loc":{"start":{"line":14,"column":46},"end":{"line":23,"column":3}}},"1":{"name":"(anonymous_1)","decl":{"start":{"line":17,"column":12},"end":{"line":17,"column":13}},"loc":{"start":{"line":17,"column":23},"end":{"line":19,"column":7}}},"2":{"name":"(anonymous_2)","decl":{"start":{"line":20,"column":13},"end":{"line":20,"column":14}},"loc":{"start":{"line":20,"column":30},"end":{"line":22,"column":7}}},"3":{"name":"(anonymous_3)","decl":{"start":{"line":24,"column":18},"end":{"line":24,"column":19}},"loc":{"start":{"line":24,"column":51},"end":{"line":32,"column":3}}},"4":{"name":"(anonymous_4)","decl":{"start":{"line":26,"column":12},"end":{"line":26,"column":13}},"loc":{"start":{"line":26,"column":25},"end":{"line":28,"column":7}}},"5":{"name":"(anonymous_5)","decl":{"start":{"line":29,"column":13},"end":{"line":29,"column":14}},"loc":{"start":{"line":29,"column":30},"end":{"line":31,"column":7}}},"6":{"name":"(anonymous_6)","decl":{"start":{"line":33,"column":20},"end":{"line":33,"column":21}},"loc":{"start":{"line":33,"column":52},"end":{"line":44,"column":3}}},"7":{"name":"(anonymous_7)","decl":{"start":{"line":36,"column":12},"end":{"line":36,"column":13}},"loc":{"start":{"line":36,"column":30},"end":{"line":42,"column":7}}},"8":{"name":"(anonymous_8)","decl":{"start":{"line":43,"column":13},"end":{"line":43,"column":14}},"loc":{"start":{"line":43,"column":24},"end":{"line":43,"column":70}}},"9":{"name":"(anonymous_9)","decl":{"start":{"line":45,"column":30},"end":{"line":45,"column":31}},"loc":{"start":{"line":45,"column":62},"end":{"line":50,"column":3}}},"10":{"name":"(anonymous_10)","decl":{"start":{"line":48,"column":12},"end":{"line":48,"column":13}},"loc":{"start":{"line":48,"column":26},"end":{"line":48,"column":56}}},"11":{"name":"(anonymous_11)","decl":{"start":{"line":49,"column":13},"end":{"line":49,"column":14}},"loc":{"start":{"line":49,"column":24},"end":{"line":49,"column":70}}}},"branchMap":{"0":{"loc":{"start":{"line":37,"column":8},"end":{"line":41,"column":9}},"type":"if","locations":[{"start":{"line":37,"column":8},"end":{"line":41,"column":9}},{"start":{"line":39,"column":15},"end":{"line":41,"column":9}}]}},"s":{"0":1,"1":1,"2":0,"3":0,"4":0,"5":0,"6":0,"7":0,"8":0,"9":0,"10":0,"11":0,"12":0,"13":0,"14":0,"15":0,"16":0,"17":0,"18":1},"f":{"0":0,"1":0,"2":0,"3":0,"4":0,"5":0,"6":0,"7":0,"8":0,"9":0,"10":0,"11":0},"b":{"0":[0,0]}}
,"/home/app/api/controllers/users.controllers.ts": {"path":"/home/app/api/controllers/users.controllers.ts","statementMap":{"0":{"start":{"line":2,"column":0},"end":{"line":2,"column":54}},"1":{"start":{"line":4,"column":0},"end":{"line":4,"column":60}},"2":{"start":{"line":5,"column":0},"end":{"line":5,"column":59}},"3":{"start":{"line":7,"column":13},"end":{"line":7,"column":41}},"4":{"start":{"line":11,"column":4},"end":{"line":13,"column":44}},"5":{"start":{"line":12,"column":31},"end":{"line":12,"column":58}},"6":{"start":{"line":13,"column":29},"end":{"line":13,"column":42}},"7":{"start":{"line":17,"column":4},"end":{"line":31,"column":64}},"8":{"start":{"line":20,"column":27},"end":{"line":20,"column":81}},"9":{"start":{"line":21,"column":21},"end":{"line":26,"column":10}},"10":{"start":{"line":27,"column":8},"end":{"line":29,"column":11}},"11":{"start":{"line":28,"column":10},"end":{"line":28,"column":42}},"12":{"start":{"line":31,"column":29},"end":{"line":31,"column":62}},"13":{"start":{"line":35,"column":22},"end":{"line":35,"column":32}},"14":{"start":{"line":36,"column":4},"end":{"line":36,"column":43}},"15":{"start":{"line":36,"column":16},"end":{"line":36,"column":43}},"16":{"start":{"line":38,"column":4},"end":{"line":45,"column":9}},"17":{"start":{"line":40,"column":8},"end":{"line":40,"column":75}},"18":{"start":{"line":40,"column":48},"end":{"line":40,"column":75}},"19":{"start":{"line":41,"column":8},"end":{"line":41,"column":79}},"20":{"start":{"line":44,"column":8},"end":{"line":44,"column":55}},"21":{"start":{"line":49,"column":4},"end":{"line":53,"column":57}},"22":{"start":{"line":51,"column":8},"end":{"line":51,"column":71}},"23":{"start":{"line":53,"column":22},"end":{"line":53,"column":55}},"24":{"start":{"line":57,"column":4},"end":{"line":57,"column":34}},"25":{"start":{"line":58,"column":4},"end":{"line":58,"column":24}},"26":{"start":{"line":62,"column":4},"end":{"line":64,"column":49}},"27":{"start":{"line":63,"column":29},"end":{"line":63,"column":62}},"28":{"start":{"line":64,"column":22},"end":{"line":64,"column":47}},"29":{"start":{"line":68,"column":4},"end":{"line":73,"column":49}},"30":{"start":{"line":70,"column":8},"end":{"line":70,"column":77}},"31":{"start":{"line":70,"column":50},"end":{"line":70,"column":77}},"32":{"start":{"line":71,"column":8},"end":{"line":71,"column":49}},"33":{"start":{"line":73,"column":22},"end":{"line":73,"column":47}},"34":{"start":{"line":77,"column":4},"end":{"line":81,"column":8}},"35":{"start":{"line":78,"column":18},"end":{"line":78,"column":74}},"36":{"start":{"line":80,"column":8},"end":{"line":80,"column":74}},"37":{"start":{"line":85,"column":22},"end":{"line":85,"column":30}},"38":{"start":{"line":87,"column":4},"end":{"line":89,"column":57}},"39":{"start":{"line":88,"column":26},"end":{"line":88,"column":56}},"40":{"start":{"line":89,"column":22},"end":{"line":89,"column":55}},"41":{"start":{"line":93,"column":18},"end":{"line":93,"column":32}},"42":{"start":{"line":95,"column":4},"end":{"line":132,"column":9}},"43":{"start":{"line":97,"column":8},"end":{"line":100,"column":9}},"44":{"start":{"line":98,"column":10},"end":{"line":98,"column":30}},"45":{"start":{"line":99,"column":10},"end":{"line":99,"column":17}},"46":{"start":{"line":103,"column":24},"end":{"line":109,"column":10}},"47":{"start":{"line":111,"column":22},"end":{"line":111,"column":49}},"48":{"start":{"line":112,"column":8},"end":{"line":112,"column":27}},"49":{"start":{"line":114,"column":8},"end":{"line":127,"column":11}},"50":{"start":{"line":116,"column":37},"end":{"line":116,"column":87}},"51":{"start":{"line":117,"column":10},"end":{"line":126,"column":15}},"52":{"start":{"line":125,"column":14},"end":{"line":125,"column":47}},"53":{"start":{"line":130,"column":8},"end":{"line":130,"column":71}},"54":{"start":{"line":131,"column":8},"end":{"line":131,"column":54}},"55":{"start":{"line":139,"column":18},"end":{"line":139,"column":34}},"56":{"start":{"line":140,"column":4},"end":{"line":140,"column":43}},"57":{"start":{"line":140,"column":16},"end":{"line":140,"column":43}},"58":{"start":{"line":142,"column":17},"end":{"line":142,"column":35}},"59":{"start":{"line":143,"column":4},"end":{"line":143,"column":42}},"60":{"start":{"line":143,"column":15},"end":{"line":143,"column":42}},"61":{"start":{"line":145,"column":4},"end":{"line":153,"column":9}},"62":{"start":{"line":147,"column":8},"end":{"line":147,"column":46}},"63":{"start":{"line":147,"column":19},"end":{"line":147,"column":46}},"64":{"start":{"line":148,"column":8},"end":{"line":148,"column":35}},"65":{"start":{"line":151,"column":8},"end":{"line":151,"column":69}},"66":{"start":{"line":152,"column":8},"end":{"line":152,"column":61}},"67":{"start":{"line":160,"column":18},"end":{"line":160,"column":34}},"68":{"start":{"line":161,"column":4},"end":{"line":161,"column":43}},"69":{"start":{"line":161,"column":16},"end":{"line":161,"column":43}},"70":{"start":{"line":163,"column":17},"end":{"line":163,"column":35}},"71":{"start":{"line":164,"column":4},"end":{"line":164,"column":42}},"72":{"start":{"line":164,"column":15},"end":{"line":164,"column":42}},"73":{"start":{"line":166,"column":4},"end":{"line":179,"column":9}},"74":{"start":{"line":168,"column":8},"end":{"line":168,"column":46}},"75":{"start":{"line":168,"column":19},"end":{"line":168,"column":46}},"76":{"start":{"line":170,"column":8},"end":{"line":170,"column":26}},"77":{"start":{"line":171,"column":8},"end":{"line":171,"column":42}},"78":{"start":{"line":172,"column":8},"end":{"line":174,"column":11}},"79":{"start":{"line":173,"column":10},"end":{"line":173,"column":37}},"80":{"start":{"line":177,"column":8},"end":{"line":177,"column":73}},"81":{"start":{"line":178,"column":8},"end":{"line":178,"column":61}},"82":{"start":{"line":182,"column":9},"end":{"line":182,"column":25}}},"fnMap":{"0":{"name":"(anonymous_0)","decl":{"start":{"line":10,"column":2},"end":{"line":10,"column":8}},"loc":{"start":{"line":10,"column":49},"end":{"line":14,"column":3}}},"1":{"name":"(anonymous_1)","decl":{"start":{"line":12,"column":12},"end":{"line":12,"column":13}},"loc":{"start":{"line":12,"column":31},"end":{"line":12,"column":58}}},"2":{"name":"(anonymous_2)","decl":{"start":{"line":13,"column":13},"end":{"line":13,"column":14}},"loc":{"start":{"line":13,"column":29},"end":{"line":13,"column":42}}},"3":{"name":"(anonymous_3)","decl":{"start":{"line":16,"column":2},"end":{"line":16,"column":8}},"loc":{"start":{"line":16,"column":49},"end":{"line":32,"column":3}}},"4":{"name":"(anonymous_4)","decl":{"start":{"line":18,"column":12},"end":{"line":18,"column":13}},"loc":{"start":{"line":18,"column":21},"end":{"line":30,"column":7}}},"5":{"name":"(anonymous_5)","decl":{"start":{"line":27,"column":18},"end":{"line":27,"column":21}},"loc":{"start":{"line":27,"column":23},"end":{"line":29,"column":9}}},"6":{"name":"(anonymous_6)","decl":{"start":{"line":31,"column":13},"end":{"line":31,"column":14}},"loc":{"start":{"line":31,"column":29},"end":{"line":31,"column":62}}},"7":{"name":"(anonymous_7)","decl":{"start":{"line":34,"column":2},"end":{"line":34,"column":8}},"loc":{"start":{"line":34,"column":49},"end":{"line":46,"column":3}}},"8":{"name":"(anonymous_8)","decl":{"start":{"line":39,"column":12},"end":{"line":39,"column":13}},"loc":{"start":{"line":39,"column":46},"end":{"line":42,"column":7}}},"9":{"name":"(anonymous_9)","decl":{"start":{"line":43,"column":13},"end":{"line":43,"column":16}},"loc":{"start":{"line":43,"column":18},"end":{"line":45,"column":7}}},"10":{"name":"(anonymous_10)","decl":{"start":{"line":48,"column":2},"end":{"line":48,"column":8}},"loc":{"start":{"line":48,"column":46},"end":{"line":54,"column":3}}},"11":{"name":"(anonymous_11)","decl":{"start":{"line":50,"column":12},"end":{"line":50,"column":13}},"loc":{"start":{"line":51,"column":8},"end":{"line":51,"column":71}}},"12":{"name":"(anonymous_12)","decl":{"start":{"line":53,"column":13},"end":{"line":53,"column":14}},"loc":{"start":{"line":53,"column":22},"end":{"line":53,"column":55}}},"13":{"name":"(anonymous_13)","decl":{"start":{"line":56,"column":2},"end":{"line":56,"column":8}},"loc":{"start":{"line":56,"column":44},"end":{"line":59,"column":3}}},"14":{"name":"(anonymous_14)","decl":{"start":{"line":61,"column":2},"end":{"line":61,"column":8}},"loc":{"start":{"line":61,"column":52},"end":{"line":65,"column":3}}},"15":{"name":"(anonymous_15)","decl":{"start":{"line":63,"column":12},"end":{"line":63,"column":13}},"loc":{"start":{"line":63,"column":29},"end":{"line":63,"column":62}}},"16":{"name":"(anonymous_16)","decl":{"start":{"line":64,"column":13},"end":{"line":64,"column":14}},"loc":{"start":{"line":64,"column":22},"end":{"line":64,"column":47}}},"17":{"name":"(anonymous_17)","decl":{"start":{"line":67,"column":2},"end":{"line":67,"column":8}},"loc":{"start":{"line":67,"column":54},"end":{"line":74,"column":3}}},"18":{"name":"(anonymous_18)","decl":{"start":{"line":69,"column":12},"end":{"line":69,"column":13}},"loc":{"start":{"line":69,"column":28},"end":{"line":72,"column":7}}},"19":{"name":"(anonymous_19)","decl":{"start":{"line":73,"column":13},"end":{"line":73,"column":14}},"loc":{"start":{"line":73,"column":22},"end":{"line":73,"column":47}}},"20":{"name":"(anonymous_20)","decl":{"start":{"line":76,"column":2},"end":{"line":76,"column":8}},"loc":{"start":{"line":76,"column":54},"end":{"line":82,"column":3}}},"21":{"name":"(anonymous_21)","decl":{"start":{"line":78,"column":12},"end":{"line":78,"column":15}},"loc":{"start":{"line":78,"column":18},"end":{"line":78,"column":74}}},"22":{"name":"(anonymous_22)","decl":{"start":{"line":79,"column":13},"end":{"line":79,"column":16}},"loc":{"start":{"line":80,"column":8},"end":{"line":80,"column":74}}},"23":{"name":"(anonymous_23)","decl":{"start":{"line":84,"column":2},"end":{"line":84,"column":8}},"loc":{"start":{"line":84,"column":48},"end":{"line":90,"column":3}}},"24":{"name":"(anonymous_24)","decl":{"start":{"line":88,"column":12},"end":{"line":88,"column":13}},"loc":{"start":{"line":88,"column":26},"end":{"line":88,"column":56}}},"25":{"name":"(anonymous_25)","decl":{"start":{"line":89,"column":13},"end":{"line":89,"column":14}},"loc":{"start":{"line":89,"column":22},"end":{"line":89,"column":55}}},"26":{"name":"(anonymous_26)","decl":{"start":{"line":92,"column":2},"end":{"line":92,"column":8}},"loc":{"start":{"line":92,"column":46},"end":{"line":133,"column":3}}},"27":{"name":"(anonymous_27)","decl":{"start":{"line":96,"column":12},"end":{"line":96,"column":13}},"loc":{"start":{"line":96,"column":34},"end":{"line":128,"column":7}}},"28":{"name":"(anonymous_28)","decl":{"start":{"line":114,"column":25},"end":{"line":114,"column":28}},"loc":{"start":{"line":114,"column":30},"end":{"line":127,"column":9}}},"29":{"name":"(anonymous_29)","decl":{"start":{"line":124,"column":18},"end":{"line":124,"column":21}},"loc":{"start":{"line":124,"column":23},"end":{"line":126,"column":13}}},"30":{"name":"(anonymous_30)","decl":{"start":{"line":129,"column":13},"end":{"line":129,"column":14}},"loc":{"start":{"line":129,"column":23},"end":{"line":132,"column":7}}},"31":{"name":"(anonymous_31)","decl":{"start":{"line":138,"column":2},"end":{"line":138,"column":8}},"loc":{"start":{"line":138,"column":67},"end":{"line":154,"column":3}}},"32":{"name":"(anonymous_32)","decl":{"start":{"line":146,"column":12},"end":{"line":146,"column":13}},"loc":{"start":{"line":146,"column":21},"end":{"line":149,"column":7}}},"33":{"name":"(anonymous_33)","decl":{"start":{"line":150,"column":13},"end":{"line":150,"column":14}},"loc":{"start":{"line":150,"column":23},"end":{"line":153,"column":7}}},"34":{"name":"(anonymous_34)","decl":{"start":{"line":159,"column":2},"end":{"line":159,"column":8}},"loc":{"start":{"line":159,"column":54},"end":{"line":180,"column":3}}},"35":{"name":"(anonymous_35)","decl":{"start":{"line":167,"column":12},"end":{"line":167,"column":13}},"loc":{"start":{"line":167,"column":34},"end":{"line":175,"column":7}}},"36":{"name":"(anonymous_36)","decl":{"start":{"line":172,"column":32},"end":{"line":172,"column":35}},"loc":{"start":{"line":172,"column":37},"end":{"line":174,"column":9}}},"37":{"name":"(anonymous_37)","decl":{"start":{"line":176,"column":13},"end":{"line":176,"column":14}},"loc":{"start":{"line":176,"column":23},"end":{"line":179,"column":7}}}},"branchMap":{"0":{"loc":{"start":{"line":36,"column":4},"end":{"line":36,"column":43}},"type":"if","locations":[{"start":{"line":36,"column":4},"end":{"line":36,"column":43}}]},"1":{"loc":{"start":{"line":40,"column":8},"end":{"line":40,"column":75}},"type":"if","locations":[{"start":{"line":40,"column":8},"end":{"line":40,"column":75}}]},"2":{"loc":{"start":{"line":40,"column":12},"end":{"line":40,"column":46}},"type":"binary-expr","locations":[{"start":{"line":40,"column":12},"end":{"line":40,"column":30}},{"start":{"line":40,"column":34},"end":{"line":40,"column":46}}]},"3":{"loc":{"start":{"line":70,"column":8},"end":{"line":70,"column":77}},"type":"if","locations":[{"start":{"line":70,"column":8},"end":{"line":70,"column":77}}]},"4":{"loc":{"start":{"line":70,"column":12},"end":{"line":70,"column":48}},"type":"binary-expr","locations":[{"start":{"line":70,"column":12},"end":{"line":70,"column":24}},{"start":{"line":70,"column":28},"end":{"line":70,"column":48}}]},"5":{"loc":{"start":{"line":97,"column":8},"end":{"line":100,"column":9}},"type":"if","locations":[{"start":{"line":97,"column":8},"end":{"line":100,"column":9}}]},"6":{"loc":{"start":{"line":140,"column":4},"end":{"line":140,"column":43}},"type":"if","locations":[{"start":{"line":140,"column":4},"end":{"line":140,"column":43}}]},"7":{"loc":{"start":{"line":143,"column":4},"end":{"line":143,"column":42}},"type":"if","locations":[{"start":{"line":143,"column":4},"end":{"line":143,"column":42}}]},"8":{"loc":{"start":{"line":147,"column":8},"end":{"line":147,"column":46}},"type":"if","locations":[{"start":{"line":147,"column":8},"end":{"line":147,"column":46}}]},"9":{"loc":{"start":{"line":161,"column":4},"end":{"line":161,"column":43}},"type":"if","locations":[{"start":{"line":161,"column":4},"end":{"line":161,"column":43}}]},"10":{"loc":{"start":{"line":164,"column":4},"end":{"line":164,"column":42}},"type":"if","locations":[{"start":{"line":164,"column":4},"end":{"line":164,"column":42}}]},"11":{"loc":{"start":{"line":168,"column":8},"end":{"line":168,"column":46}},"type":"if","locations":[{"start":{"line":168,"column":8},"end":{"line":168,"column":46}}]}},"s":{"0":1,"1":1,"2":1,"3":1,"4":0,"5":0,"6":0,"7":0,"8":0,"9":0,"10":0,"11":0,"12":0,"13":0,"14":0,"15":0,"16":0,"17":0,"18":0,"19":0,"20":0,"21":0,"22":0,"23":0,"24":0,"25":0,"26":0,"27":0,"28":0,"29":0,"30":0,"31":0,"32":0,"33":0,"34":0,"35":0,"36":0,"37":0,"38":0,"39":0,"40":0,"41":0,"42":0,"43":0,"44":0,"45":0,"46":0,"47":0,"48":0,"49":0,"50":0,"51":0,"52":0,"53":0,"54":0,"55":0,"56":0,"57":0,"58":0,"59":0,"60":0,"61":0,"62":0,"63":0,"64":0,"65":0,"66":0,"67":0,"68":0,"69":0,"70":0,"71":0,"72":0,"73":0,"74":0,"75":0,"76":0,"77":0,"78":0,"79":0,"80":0,"81":0,"82":1},"f":{"0":0,"1":0,"2":0,"3":0,"4":0,"5":0,"6":0,"7":0,"8":0,"9":0,"10":0,"11":0,"12":0,"13":0,"14":0,"15":0,"16":0,"17":0,"18":0,"19":0,"20":0,"21":0,"22":0,"23":0,"24":0,"25":0,"26":0,"27":0,"28":0,"29":0,"30":0,"31":0,"32":0,"33":0,"34":0,"35":0,"36":0,"37":0},"b":{"0":[0],"1":[0],"2":[0,0],"3":[0],"4":[0,0],"5":[0],"6":[0],"7":[0],"8":[0],"9":[0],"10":[0],"11":[0]}}
,"/home/app/api/routes/index.routes.ts": {"path":"/home/app/api/routes/index.routes.ts","statementMap":{"0":{"start":{"line":1,"column":0},"end":{"line":1,"column":53}},"1":{"start":{"line":2,"column":15},"end":{"line":2,"column":31}},"2":{"start":{"line":3,"column":0},"end":{"line":3,"column":47}},"3":{"start":{"line":4,"column":0},"end":{"line":4,"column":28}},"4":{"start":{"line":5,"column":0},"end":{"line":5,"column":16}},"5":{"start":{"line":7,"column":0},"end":{"line":7,"column":35}},"6":{"start":{"line":8,"column":0},"end":{"line":8,"column":41}},"7":{"start":{"line":10,"column":0},"end":{"line":10,"column":28}},"8":{"start":{"line":11,"column":0},"end":{"line":11,"column":34}},"9":{"start":{"line":13,"column":0},"end":{"line":15,"column":2}},"10":{"start":{"line":14,"column":2},"end":{"line":14,"column":64}},"11":{"start":{"line":17,"column":0},"end":{"line":17,"column":22}}},"fnMap":{"0":{"name":"(anonymous_1)","decl":{"start":{"line":13,"column":36},"end":{"line":13,"column":37}},"loc":{"start":{"line":14,"column":2},"end":{"line":14,"column":64}}}},"branchMap":{},"s":{"0":1,"1":1,"2":1,"3":1,"4":1,"5":1,"6":1,"7":1,"8":1,"9":1,"10":0,"11":1},"f":{"0":0},"b":{}}
,"/home/app/api/routes/packages.routes.ts": {"path":"/home/app/api/routes/packages.routes.ts","statementMap":{"0":{"start":{"line":1,"column":0},"end":{"line":1,"column":30}},"1":{"start":{"line":2,"column":0},"end":{"line":2,"column":74}},"2":{"start":{"line":4,"column":15},"end":{"line":4,"column":31}},"3":{"start":{"line":6,"column":0},"end":{"line":6,"column":60}},"4":{"start":{"line":8,"column":0},"end":{"line":8,"column":52}},"5":{"start":{"line":10,"column":0},"end":{"line":10,"column":64}},"6":{"start":{"line":12,"column":0},"end":{"line":12,"column":80}},"7":{"start":{"line":14,"column":0},"end":{"line":14,"column":22}}},"fnMap":{},"branchMap":{},"s":{"0":1,"1":1,"2":1,"3":1,"4":1,"5":1,"6":1,"7":1},"f":{},"b":{}}
,"/home/app/api/routes/users.routes.ts": {"path":"/home/app/api/routes/users.routes.ts","statementMap":{"0":{"start":{"line":1,"column":0},"end":{"line":1,"column":33}},"1":{"start":{"line":2,"column":15},"end":{"line":2,"column":23}},"2":{"start":{"line":3,"column":0},"end":{"line":3,"column":68}},"3":{"start":{"line":5,"column":0},"end":{"line":5,"column":49}},"4":{"start":{"line":7,"column":0},"end":{"line":7,"column":56}},"5":{"start":{"line":9,"column":0},"end":{"line":9,"column":67}},"6":{"start":{"line":11,"column":0},"end":{"line":11,"column":50}},"7":{"start":{"line":13,"column":0},"end":{"line":13,"column":60}},"8":{"start":{"line":15,"column":0},"end":{"line":15,"column":67}},"9":{"start":{"line":18,"column":0},"end":{"line":18,"column":73}},"10":{"start":{"line":20,"column":0},"end":{"line":20,"column":61}},"11":{"start":{"line":22,"column":0},"end":{"line":22,"column":48}},"12":{"start":{"line":24,"column":0},"end":{"line":24,"column":60}},"13":{"start":{"line":26,"column":0},"end":{"line":29,"column":2}},"14":{"start":{"line":31,"column":0},"end":{"line":31,"column":78}},"15":{"start":{"line":33,"column":0},"end":{"line":33,"column":22}}},"fnMap":{},"branchMap":{},"s":{"0":1,"1":1,"2":1,"3":1,"4":1,"5":1,"6":1,"7":1,"8":1,"9":1,"10":1,"11":1,"12":1,"13":1,"14":1,"15":1},"f":{},"b":{}}
,"/home/app/api/services/packages.services.ts": {"path":"/home/app/api/services/packages.services.ts","statementMap":{"0":{"start":{"line":1,"column":0},"end":{"line":1,"column":47}},"1":{"start":{"line":15,"column":4},"end":{"line":23,"column":7}},"2":{"start":{"line":16,"column":6},"end":{"line":22,"column":11}},"3":{"start":{"line":18,"column":10},"end":{"line":18,"column":31}},"4":{"start":{"line":21,"column":10},"end":{"line":21,"column":24}},"5":{"start":{"line":27,"column":4},"end":{"line":27,"column":29}},"6":{"start":{"line":31,"column":4},"end":{"line":35,"column":7}},"7":{"start":{"line":32,"column":6},"end":{"line":34,"column":41}},"8":{"start":{"line":33,"column":53},"end":{"line":33,"column":75}},"9":{"start":{"line":34,"column":26},"end":{"line":34,"column":39}},"10":{"start":{"line":42,"column":4},"end":{"line":46,"column":7}},"11":{"start":{"line":43,"column":6},"end":{"line":45,"column":41}},"12":{"start":{"line":44,"column":43},"end":{"line":44,"column":60}},"13":{"start":{"line":45,"column":26},"end":{"line":45,"column":39}},"14":{"start":{"line":50,"column":9},"end":{"line":50,"column":25}}},"fnMap":{"0":{"name":"(anonymous_1)","decl":{"start":{"line":14,"column":2},"end":{"line":14,"column":8}},"loc":{"start":{"line":14,"column":37},"end":{"line":24,"column":3}}},"1":{"name":"(anonymous_2)","decl":{"start":{"line":15,"column":23},"end":{"line":15,"column":24}},"loc":{"start":{"line":15,"column":43},"end":{"line":23,"column":5}}},"2":{"name":"(anonymous_3)","decl":{"start":{"line":17,"column":14},"end":{"line":17,"column":15}},"loc":{"start":{"line":17,"column":30},"end":{"line":19,"column":9}}},"3":{"name":"(anonymous_4)","decl":{"start":{"line":20,"column":15},"end":{"line":20,"column":16}},"loc":{"start":{"line":20,"column":32},"end":{"line":22,"column":9}}},"4":{"name":"(anonymous_5)","decl":{"start":{"line":26,"column":2},"end":{"line":26,"column":8}},"loc":{"start":{"line":26,"column":23},"end":{"line":28,"column":3}}},"5":{"name":"(anonymous_6)","decl":{"start":{"line":30,"column":2},"end":{"line":30,"column":8}},"loc":{"start":{"line":30,"column":43},"end":{"line":36,"column":3}}},"6":{"name":"(anonymous_7)","decl":{"start":{"line":31,"column":23},"end":{"line":31,"column":24}},"loc":{"start":{"line":31,"column":43},"end":{"line":35,"column":5}}},"7":{"name":"(anonymous_8)","decl":{"start":{"line":33,"column":14},"end":{"line":33,"column":15}},"loc":{"start":{"line":33,"column":53},"end":{"line":33,"column":75}}},"8":{"name":"(anonymous_9)","decl":{"start":{"line":34,"column":15},"end":{"line":34,"column":16}},"loc":{"start":{"line":34,"column":26},"end":{"line":34,"column":39}}},"9":{"name":"(anonymous_10)","decl":{"start":{"line":38,"column":2},"end":{"line":38,"column":8}},"loc":{"start":{"line":40,"column":18},"end":{"line":47,"column":3}}},"10":{"name":"(anonymous_11)","decl":{"start":{"line":42,"column":23},"end":{"line":42,"column":24}},"loc":{"start":{"line":42,"column":43},"end":{"line":46,"column":5}}},"11":{"name":"(anonymous_12)","decl":{"start":{"line":44,"column":14},"end":{"line":44,"column":15}},"loc":{"start":{"line":44,"column":43},"end":{"line":44,"column":60}}},"12":{"name":"(anonymous_13)","decl":{"start":{"line":45,"column":15},"end":{"line":45,"column":16}},"loc":{"start":{"line":45,"column":26},"end":{"line":45,"column":39}}}},"branchMap":{},"s":{"0":1,"1":0,"2":0,"3":0,"4":0,"5":0,"6":0,"7":0,"8":0,"9":0,"10":0,"11":0,"12":0,"13":0,"14":1},"f":{"0":0,"1":0,"2":0,"3":0,"4":0,"5":0,"6":0,"7":0,"8":0,"9":0,"10":0,"11":0,"12":0},"b":{}}
,"/home/app/api/services/users.services.ts": {"path":"/home/app/api/services/users.services.ts","statementMap":{"0":{"start":{"line":1,"column":0},"end":{"line":1,"column":41}},"1":{"start":{"line":2,"column":0},"end":{"line":2,"column":47}},"2":{"start":{"line":15,"column":4},"end":{"line":15,"column":26}},"3":{"start":{"line":19,"column":49},"end":{"line":19,"column":57}},"4":{"start":{"line":20,"column":23},"end":{"line":20,"column":31}},"5":{"start":{"line":21,"column":4},"end":{"line":21,"column":36}},"6":{"start":{"line":21,"column":19},"end":{"line":21,"column":36}},"7":{"start":{"line":23,"column":4},"end":{"line":25,"column":5}},"8":{"start":{"line":24,"column":6},"end":{"line":24,"column":52}},"9":{"start":{"line":27,"column":4},"end":{"line":53,"column":9}},"10":{"start":{"line":29,"column":8},"end":{"line":31,"column":9}},"11":{"start":{"line":30,"column":10},"end":{"line":30,"column":72}},"12":{"start":{"line":33,"column":24},"end":{"line":38,"column":10}},"13":{"start":{"line":40,"column":22},"end":{"line":40,"column":49}},"14":{"start":{"line":42,"column":8},"end":{"line":49,"column":11}},"15":{"start":{"line":52,"column":8},"end":{"line":52,"column":29}},"16":{"start":{"line":57,"column":32},"end":{"line":57,"column":40}},"17":{"start":{"line":59,"column":4},"end":{"line":59,"column":79}},"18":{"start":{"line":59,"column":29},"end":{"line":59,"column":79}},"19":{"start":{"line":61,"column":4},"end":{"line":92,"column":9}},"20":{"start":{"line":63,"column":8},"end":{"line":63,"column":76}},"21":{"start":{"line":63,"column":19},"end":{"line":63,"column":76}},"22":{"start":{"line":64,"column":8},"end":{"line":88,"column":13}},"23":{"start":{"line":67,"column":12},"end":{"line":67,"column":70}},"24":{"start":{"line":67,"column":23},"end":{"line":67,"column":70}},"25":{"start":{"line":68,"column":12},"end":{"line":71,"column":16}},"26":{"start":{"line":69,"column":14},"end":{"line":71,"column":16}},"27":{"start":{"line":72,"column":28},"end":{"line":78,"column":14}},"28":{"start":{"line":79,"column":26},"end":{"line":79,"column":46}},"29":{"start":{"line":81,"column":12},"end":{"line":84,"column":14}},"30":{"start":{"line":87,"column":12},"end":{"line":87,"column":22}},"31":{"start":{"line":91,"column":8},"end":{"line":91,"column":29}},"32":{"start":{"line":96,"column":4},"end":{"line":102,"column":6}},"33":{"start":{"line":106,"column":4},"end":{"line":106,"column":55}},"34":{"start":{"line":110,"column":4},"end":{"line":110,"column":47}},"35":{"start":{"line":114,"column":4},"end":{"line":125,"column":9}},"36":{"start":{"line":116,"column":8},"end":{"line":118,"column":9}},"37":{"start":{"line":117,"column":10},"end":{"line":117,"column":32}},"38":{"start":{"line":119,"column":8},"end":{"line":121,"column":10}},"39":{"start":{"line":124,"column":8},"end":{"line":124,"column":29}},"40":{"start":{"line":129,"column":4},"end":{"line":142,"column":7}},"41":{"start":{"line":130,"column":6},"end":{"line":137,"column":7}},"42":{"start":{"line":131,"column":8},"end":{"line":136,"column":13}},"43":{"start":{"line":133,"column":22},"end":{"line":133,"column":52}},"44":{"start":{"line":135,"column":12},"end":{"line":135,"column":69}},"45":{"start":{"line":139,"column":6},"end":{"line":141,"column":8}},"46":{"start":{"line":146,"column":4},"end":{"line":146,"column":46}},"47":{"start":{"line":150,"column":4},"end":{"line":150,"column":46}},"48":{"start":{"line":154,"column":9},"end":{"line":154,"column":22}}},"fnMap":{"0":{"name":"(anonymous_1)","decl":{"start":{"line":14,"column":2},"end":{"line":14,"column":8}},"loc":{"start":{"line":14,"column":15},"end":{"line":16,"column":3}}},"1":{"name":"(anonymous_2)","decl":{"start":{"line":18,"column":2},"end":{"line":18,"column":8}},"loc":{"start":{"line":18,"column":40},"end":{"line":54,"column":3}}},"2":{"name":"(anonymous_3)","decl":{"start":{"line":28,"column":12},"end":{"line":28,"column":13}},"loc":{"start":{"line":28,"column":21},"end":{"line":50,"column":7}}},"3":{"name":"(anonymous_4)","decl":{"start":{"line":51,"column":13},"end":{"line":51,"column":14}},"loc":{"start":{"line":51,"column":21},"end":{"line":53,"column":7}}},"4":{"name":"(anonymous_5)","decl":{"start":{"line":56,"column":2},"end":{"line":56,"column":8}},"loc":{"start":{"line":56,"column":37},"end":{"line":93,"column":3}}},"5":{"name":"(anonymous_6)","decl":{"start":{"line":62,"column":12},"end":{"line":62,"column":13}},"loc":{"start":{"line":62,"column":21},"end":{"line":89,"column":7}}},"6":{"name":"(anonymous_7)","decl":{"start":{"line":66,"column":16},"end":{"line":66,"column":17}},"loc":{"start":{"line":66,"column":25},"end":{"line":85,"column":11}}},"7":{"name":"(anonymous_8)","decl":{"start":{"line":86,"column":17},"end":{"line":86,"column":18}},"loc":{"start":{"line":86,"column":25},"end":{"line":88,"column":11}}},"8":{"name":"(anonymous_9)","decl":{"start":{"line":90,"column":13},"end":{"line":90,"column":14}},"loc":{"start":{"line":90,"column":21},"end":{"line":92,"column":7}}},"9":{"name":"(anonymous_10)","decl":{"start":{"line":95,"column":2},"end":{"line":95,"column":8}},"loc":{"start":{"line":95,"column":35},"end":{"line":103,"column":3}}},"10":{"name":"(anonymous_11)","decl":{"start":{"line":105,"column":2},"end":{"line":105,"column":8}},"loc":{"start":{"line":105,"column":23},"end":{"line":107,"column":3}}},"11":{"name":"(anonymous_12)","decl":{"start":{"line":109,"column":2},"end":{"line":109,"column":8}},"loc":{"start":{"line":109,"column":37},"end":{"line":111,"column":3}}},"12":{"name":"(anonymous_13)","decl":{"start":{"line":113,"column":2},"end":{"line":113,"column":8}},"loc":{"start":{"line":113,"column":40},"end":{"line":126,"column":3}}},"13":{"name":"(anonymous_14)","decl":{"start":{"line":115,"column":12},"end":{"line":115,"column":13}},"loc":{"start":{"line":115,"column":21},"end":{"line":122,"column":7}}},"14":{"name":"(anonymous_15)","decl":{"start":{"line":123,"column":13},"end":{"line":123,"column":14}},"loc":{"start":{"line":123,"column":21},"end":{"line":125,"column":7}}},"15":{"name":"(anonymous_16)","decl":{"start":{"line":128,"column":2},"end":{"line":128,"column":8}},"loc":{"start":{"line":128,"column":34},"end":{"line":143,"column":3}}},"16":{"name":"(anonymous_17)","decl":{"start":{"line":129,"column":66},"end":{"line":129,"column":67}},"loc":{"start":{"line":129,"column":75},"end":{"line":142,"column":5}}},"17":{"name":"(anonymous_18)","decl":{"start":{"line":133,"column":16},"end":{"line":133,"column":19}},"loc":{"start":{"line":133,"column":22},"end":{"line":133,"column":52}}},"18":{"name":"(anonymous_19)","decl":{"start":{"line":134,"column":17},"end":{"line":134,"column":20}},"loc":{"start":{"line":134,"column":22},"end":{"line":136,"column":11}}},"19":{"name":"(anonymous_20)","decl":{"start":{"line":145,"column":2},"end":{"line":145,"column":8}},"loc":{"start":{"line":145,"column":41},"end":{"line":147,"column":3}}},"20":{"name":"(anonymous_21)","decl":{"start":{"line":149,"column":2},"end":{"line":149,"column":8}},"loc":{"start":{"line":149,"column":41},"end":{"line":151,"column":3}}}},"branchMap":{"0":{"loc":{"start":{"line":21,"column":4},"end":{"line":21,"column":36}},"type":"if","locations":[{"start":{"line":21,"column":4},"end":{"line":21,"column":36}}]},"1":{"loc":{"start":{"line":23,"column":4},"end":{"line":25,"column":5}},"type":"if","locations":[{"start":{"line":23,"column":4},"end":{"line":25,"column":5}}]},"2":{"loc":{"start":{"line":23,"column":8},"end":{"line":23,"column":50}},"type":"binary-expr","locations":[{"start":{"line":23,"column":8},"end":{"line":23,"column":14}},{"start":{"line":23,"column":18},"end":{"line":23,"column":23}},{"start":{"line":23,"column":27},"end":{"line":23,"column":37}},{"start":{"line":23,"column":41},"end":{"line":23,"column":50}}]},"3":{"loc":{"start":{"line":29,"column":8},"end":{"line":31,"column":9}},"type":"if","locations":[{"start":{"line":29,"column":8},"end":{"line":31,"column":9}}]},"4":{"loc":{"start":{"line":59,"column":4},"end":{"line":59,"column":79}},"type":"if","locations":[{"start":{"line":59,"column":4},"end":{"line":59,"column":79}}]},"5":{"loc":{"start":{"line":59,"column":8},"end":{"line":59,"column":27}},"type":"binary-expr","locations":[{"start":{"line":59,"column":8},"end":{"line":59,"column":14}},{"start":{"line":59,"column":18},"end":{"line":59,"column":27}}]},"6":{"loc":{"start":{"line":63,"column":8},"end":{"line":63,"column":76}},"type":"if","locations":[{"start":{"line":63,"column":8},"end":{"line":63,"column":76}}]},"7":{"loc":{"start":{"line":67,"column":12},"end":{"line":67,"column":70}},"type":"if","locations":[{"start":{"line":67,"column":12},"end":{"line":67,"column":70}}]},"8":{"loc":{"start":{"line":68,"column":12},"end":{"line":71,"column":16}},"type":"if","locations":[{"start":{"line":68,"column":12},"end":{"line":71,"column":16}}]},"9":{"loc":{"start":{"line":116,"column":8},"end":{"line":118,"column":9}},"type":"if","locations":[{"start":{"line":116,"column":8},"end":{"line":118,"column":9}}]},"10":{"loc":{"start":{"line":130,"column":6},"end":{"line":137,"column":7}},"type":"if","locations":[{"start":{"line":130,"column":6},"end":{"line":137,"column":7}}]}},"s":{"0":1,"1":1,"2":0,"3":0,"4":0,"5":0,"6":0,"7":0,"8":0,"9":0,"10":0,"11":0,"12":0,"13":0,"14":0,"15":0,"16":0,"17":0,"18":0,"19":0,"20":0,"21":0,"22":0,"23":0,"24":0,"25":0,"26":0,"27":0,"28":0,"29":0,"30":0,"31":0,"32":0,"33":0,"34":0,"35":0,"36":0,"37":0,"38":0,"39":0,"40":0,"41":0,"42":0,"43":0,"44":0,"45":0,"46":0,"47":0,"48":1},"f":{"0":0,"1":0,"2":0,"3":0,"4":0,"5":0,"6":0,"7":0,"8":0,"9":0,"10":0,"11":0,"12":0,"13":0,"14":0,"15":0,"16":0,"17":0,"18":0,"19":0,"20":0},"b":{"0":[0],"1":[0],"2":[0,0,0,0],"3":[0],"4":[0],"5":[0,0],"6":[0],"7":[0],"8":[0],"9":[0],"10":[0]}}
}
